{"/home/travis/build/npmtest/node-npmtest-msgpack-lite/test.js":{"path":"/home/travis/build/npmtest/node-npmtest-msgpack-lite/test.js","s":{"1":2,"2":2,"3":2,"4":2,"5":2,"6":2,"7":2,"8":1,"9":2,"10":2,"11":1,"12":1,"13":1,"14":1,"15":2,"16":2,"17":2,"18":2,"19":1,"20":1,"21":2,"22":2,"23":2,"24":1,"25":1,"26":1,"27":1,"28":1,"29":1,"30":1,"31":1,"32":1,"33":1,"34":1,"35":1,"36":1,"37":1,"38":1,"39":2,"40":2,"41":1,"42":2,"43":2,"44":1,"45":2,"46":2,"47":1,"48":2,"49":2,"50":1,"51":1,"52":1,"53":1,"54":1},"b":{"1":[2,1,1,1],"2":[1,1,1,1],"3":[1,1],"4":[1,1],"5":[1,1],"6":[1,1],"7":[1,1],"8":[1,1],"9":[1,1],"10":[1,1,1],"11":[1,1],"12":[1,1],"13":[1,1],"14":[1,1],"15":[1,1],"16":[1,1],"17":[1,1]},"f":{"1":2,"2":2,"3":2,"4":2,"5":2,"6":1,"7":1,"8":1,"9":2,"10":2,"11":2,"12":2,"13":1},"fnMap":{"1":{"name":"(anonymous_1)","line":12,"loc":{"start":{"line":12,"column":1},"end":{"line":12,"column":13}}},"2":{"name":"(anonymous_2)","line":19,"loc":{"start":{"line":19,"column":5},"end":{"line":19,"column":17}}},"3":{"name":"(anonymous_3)","line":23,"loc":{"start":{"line":23,"column":24},"end":{"line":23,"column":36}}},"4":{"name":"(anonymous_4)","line":61,"loc":{"start":{"line":61,"column":5},"end":{"line":61,"column":17}}},"5":{"name":"(anonymous_5)","line":82,"loc":{"start":{"line":82,"column":5},"end":{"line":82,"column":17}}},"6":{"name":"(anonymous_6)","line":91,"loc":{"start":{"line":91,"column":77},"end":{"line":94,"column":10}}},"7":{"name":"(anonymous_7)","line":112,"loc":{"start":{"line":112,"column":83},"end":{"line":115,"column":10}},"skip":true},"8":{"name":"(anonymous_8)","line":123,"loc":{"start":{"line":123,"column":77},"end":{"line":126,"column":10}},"skip":true},"9":{"name":"(anonymous_9)","line":139,"loc":{"start":{"line":139,"column":12},"end":{"line":139,"column":40}},"skip":true},"10":{"name":"(anonymous_10)","line":147,"loc":{"start":{"line":147,"column":77},"end":{"line":150,"column":10}},"skip":true},"11":{"name":"(anonymous_11)","line":158,"loc":{"start":{"line":158,"column":83},"end":{"line":161,"column":10}},"skip":true},"12":{"name":"(anonymous_12)","line":169,"loc":{"start":{"line":169,"column":79},"end":{"line":172,"column":10}},"skip":true},"13":{"name":"(anonymous_13)","line":180,"loc":{"start":{"line":180,"column":75},"end":{"line":183,"column":10}},"skip":true}},"statementMap":{"1":{"start":{"line":12,"column":0},"end":{"line":195,"column":5}},"2":{"start":{"line":14,"column":4},"end":{"line":14,"column":14}},"3":{"start":{"line":19,"column":4},"end":{"line":56,"column":9}},"4":{"start":{"line":21,"column":8},"end":{"line":21,"column":19}},"5":{"start":{"line":23,"column":8},"end":{"line":35,"column":13}},"6":{"start":{"line":24,"column":12},"end":{"line":34,"column":13}},"7":{"start":{"line":25,"column":16},"end":{"line":28,"column":30}},"8":{"start":{"line":30,"column":16},"end":{"line":33,"column":27}},"9":{"start":{"line":37,"column":8},"end":{"line":39,"column":21}},"10":{"start":{"line":40,"column":8},"end":{"line":53,"column":9}},"11":{"start":{"line":43,"column":12},"end":{"line":46,"column":14}},"12":{"start":{"line":47,"column":12},"end":{"line":47,"column":18}},"13":{"start":{"line":50,"column":12},"end":{"line":51,"column":46}},"14":{"start":{"line":52,"column":12},"end":{"line":52,"column":18}},"15":{"start":{"line":55,"column":8},"end":{"line":55,"column":35}},"16":{"start":{"line":61,"column":4},"end":{"line":63,"column":9}},"17":{"start":{"line":62,"column":8},"end":{"line":62,"column":15}},"18":{"start":{"line":64,"column":4},"end":{"line":77,"column":5}},"19":{"start":{"line":70,"column":8},"end":{"line":70,"column":14}},"20":{"start":{"line":76,"column":8},"end":{"line":76,"column":14}},"21":{"start":{"line":82,"column":4},"end":{"line":84,"column":9}},"22":{"start":{"line":83,"column":8},"end":{"line":83,"column":15}},"23":{"start":{"line":85,"column":4},"end":{"line":194,"column":5}},"24":{"start":{"line":91,"column":8},"end":{"line":99,"column":10}},"25":{"start":{"line":98,"column":12},"end":{"line":98,"column":35}},"26":{"start":{"line":102,"column":8},"end":{"line":104,"column":63}},"27":{"start":{"line":105,"column":8},"end":{"line":105,"column":14}},"28":{"start":{"line":112,"column":8},"end":{"line":121,"column":10},"skip":true},"29":{"start":{"line":119,"column":12},"end":{"line":119,"column":55},"skip":true},"30":{"start":{"line":120,"column":12},"end":{"line":120,"column":48},"skip":true},"31":{"start":{"line":123,"column":8},"end":{"line":136,"column":10},"skip":true},"32":{"start":{"line":130,"column":12},"end":{"line":130,"column":76},"skip":true},"33":{"start":{"line":131,"column":12},"end":{"line":131,"column":73},"skip":true},"34":{"start":{"line":132,"column":12},"end":{"line":132,"column":74},"skip":true},"35":{"start":{"line":133,"column":12},"end":{"line":133,"column":79},"skip":true},"36":{"start":{"line":134,"column":12},"end":{"line":134,"column":25},"skip":true},"37":{"start":{"line":135,"column":12},"end":{"line":135,"column":45},"skip":true},"38":{"start":{"line":138,"column":8},"end":{"line":145,"column":14},"skip":true},"39":{"start":{"line":143,"column":16},"end":{"line":143,"column":29},"skip":true},"40":{"start":{"line":144,"column":16},"end":{"line":144,"column":55},"skip":true},"41":{"start":{"line":147,"column":8},"end":{"line":156,"column":10},"skip":true},"42":{"start":{"line":154,"column":12},"end":{"line":154,"column":25},"skip":true},"43":{"start":{"line":155,"column":12},"end":{"line":155,"column":45},"skip":true},"44":{"start":{"line":158,"column":8},"end":{"line":167,"column":10},"skip":true},"45":{"start":{"line":165,"column":12},"end":{"line":165,"column":25},"skip":true},"46":{"start":{"line":166,"column":12},"end":{"line":166,"column":48},"skip":true},"47":{"start":{"line":169,"column":8},"end":{"line":178,"column":10},"skip":true},"48":{"start":{"line":176,"column":12},"end":{"line":176,"column":25},"skip":true},"49":{"start":{"line":177,"column":12},"end":{"line":177,"column":46},"skip":true},"50":{"start":{"line":180,"column":8},"end":{"line":189,"column":10},"skip":true},"51":{"start":{"line":187,"column":12},"end":{"line":187,"column":94},"skip":true},"52":{"start":{"line":188,"column":12},"end":{"line":188,"column":48},"skip":true},"53":{"start":{"line":192,"column":8},"end":{"line":192,"column":35},"skip":true},"54":{"start":{"line":193,"column":8},"end":{"line":193,"column":14},"skip":true}},"branchMap":{"1":{"line":25,"type":"binary-expr","locations":[{"start":{"line":25,"column":23},"end":{"line":25,"column":62}},{"start":{"line":26,"column":20},"end":{"line":26,"column":70}},{"start":{"line":27,"column":20},"end":{"line":27,"column":71}},{"start":{"line":28,"column":20},"end":{"line":28,"column":29}}]},"2":{"line":30,"type":"binary-expr","locations":[{"start":{"line":30,"column":23},"end":{"line":30,"column":37}},{"start":{"line":31,"column":20},"end":{"line":31,"column":61}},{"start":{"line":32,"column":20},"end":{"line":32,"column":70}},{"start":{"line":33,"column":20},"end":{"line":33,"column":26}}]},"3":{"line":37,"type":"cond-expr","locations":[{"start":{"line":38,"column":14},"end":{"line":38,"column":20}},{"start":{"line":39,"column":14},"end":{"line":39,"column":20}}]},"4":{"line":40,"type":"switch","locations":[{"start":{"line":42,"column":8},"end":{"line":47,"column":18}},{"start":{"line":49,"column":8},"end":{"line":52,"column":18}}]},"5":{"line":44,"type":"binary-expr","locations":[{"start":{"line":44,"column":16},"end":{"line":44,"column":44}},{"start":{"line":44,"column":48},"end":{"line":44,"column":66}}]},"6":{"line":50,"type":"binary-expr","locations":[{"start":{"line":50,"column":21},"end":{"line":50,"column":49}},{"start":{"line":50,"column":53},"end":{"line":50,"column":72}}]},"7":{"line":64,"type":"switch","locations":[{"start":{"line":69,"column":4},"end":{"line":70,"column":14}},{"start":{"line":75,"column":4},"end":{"line":76,"column":14}}]},"8":{"line":85,"type":"switch","locations":[{"start":{"line":90,"column":4},"end":{"line":105,"column":14}},{"start":{"line":111,"column":4},"end":{"line":193,"column":14},"skip":true}]},"9":{"line":91,"type":"binary-expr","locations":[{"start":{"line":91,"column":42},"end":{"line":91,"column":73}},{"start":{"line":91,"column":77},"end":{"line":99,"column":9}}]},"10":{"line":102,"type":"binary-expr","locations":[{"start":{"line":102,"column":18},"end":{"line":102,"column":32}},{"start":{"line":103,"column":12},"end":{"line":103,"column":53}},{"start":{"line":104,"column":12},"end":{"line":104,"column":61}}]},"11":{"line":112,"type":"binary-expr","locations":[{"start":{"line":112,"column":45},"end":{"line":112,"column":79},"skip":true},{"start":{"line":112,"column":83},"end":{"line":121,"column":9},"skip":true}]},"12":{"line":123,"type":"binary-expr","locations":[{"start":{"line":123,"column":42},"end":{"line":123,"column":73},"skip":true},{"start":{"line":123,"column":77},"end":{"line":136,"column":9},"skip":true}]},"13":{"line":138,"type":"binary-expr","locations":[{"start":{"line":138,"column":48},"end":{"line":138,"column":85},"skip":true},{"start":{"line":139,"column":12},"end":{"line":145,"column":13},"skip":true}]},"14":{"line":147,"type":"binary-expr","locations":[{"start":{"line":147,"column":42},"end":{"line":147,"column":73},"skip":true},{"start":{"line":147,"column":77},"end":{"line":156,"column":9},"skip":true}]},"15":{"line":158,"type":"binary-expr","locations":[{"start":{"line":158,"column":45},"end":{"line":158,"column":79},"skip":true},{"start":{"line":158,"column":83},"end":{"line":167,"column":9},"skip":true}]},"16":{"line":169,"type":"binary-expr","locations":[{"start":{"line":169,"column":43},"end":{"line":169,"column":75},"skip":true},{"start":{"line":169,"column":79},"end":{"line":178,"column":9},"skip":true}]},"17":{"line":180,"type":"binary-expr","locations":[{"start":{"line":180,"column":41},"end":{"line":180,"column":71},"skip":true},{"start":{"line":180,"column":75},"end":{"line":189,"column":9},"skip":true}]}},"code":["/* istanbul instrument in package npmtest_msgpack_lite */","/*jslint","    bitwise: true,","    browser: true,","    maxerr: 8,","    maxlen: 96,","    node: true,","    nomen: true,","    regexp: true,","    stupid: true","*/","(function () {","    'use strict';","    var local;","","","","    // run shared js-env code - pre-init","    (function () {","        // init local","        local = {};","        // init modeJs","        local.modeJs = (function () {","            try {","                return typeof navigator.userAgent === 'string' &&","                    typeof document.querySelector('body') === 'object' &&","                    typeof XMLHttpRequest.prototype.open === 'function' &&","                    'browser';","            } catch (errorCaughtBrowser) {","                return module.exports &&","                    typeof process.versions.node === 'string' &&","                    typeof require('http').createServer === 'function' &&","                    'node';","            }","        }());","        // init global","        local.global = local.modeJs === 'browser'","            ? window","            : global;","        switch (local.modeJs) {","        // re-init local from window.local","        case 'browser':","            local = local.global.utility2.objectSetDefault(","                local.global.utility2_rollup || local.global.local,","                local.global.utility2","            );","            break;","        // re-init local from example.js","        case 'node':","            local = (local.global.utility2_rollup || require('utility2'))","                .requireExampleJsFromReadme();","            break;","        }","        // export local","        local.global.local = local;","    }());","","","","    // run shared js-env code - function","    (function () {","        return;","    }());","    switch (local.modeJs) {","","","","    // run browser js-env code - function","    case 'browser':","        break;","","","","    // run node js-env code - function","    case 'node':","        break;","    }","","","","    // run shared js-env code - post-init","    (function () {","        return;","    }());","    switch (local.modeJs) {","","","","    // run browser js-env code - post-init","    case 'browser':","        local.testCase_browser_nullCase = local.testCase_browser_nullCase || function (","            options,","            onError","        ) {","        /*","         * this function will test browsers's null-case handling-behavior-behavior","         */","            onError(null, options);","        };","","        // run tests","        local.nop(local.modeTest &&","            document.querySelector('#testRunButton1') &&","            document.querySelector('#testRunButton1').click());","        break;","","","","    // run node js-env code - post-init","    /* istanbul ignore next */","    case 'node':","        local.testCase_buildApidoc_default = local.testCase_buildApidoc_default || function (","            options,","            onError","        ) {","        /*","         * this function will test buildApidoc's default handling-behavior-behavior","         */","            options = { modulePathList: module.paths };","            local.buildApidoc(options, onError);","        };","","        local.testCase_buildApp_default = local.testCase_buildApp_default || function (","            options,","            onError","        ) {","        /*","         * this function will test buildApp's default handling-behavior-behavior","         */","            local.testCase_buildReadme_default(options, local.onErrorThrow);","            local.testCase_buildLib_default(options, local.onErrorThrow);","            local.testCase_buildTest_default(options, local.onErrorThrow);","            local.testCase_buildCustomOrg_default(options, local.onErrorThrow);","            options = [];","            local.buildApp(options, onError);","        };","","        local.testCase_buildCustomOrg_default = local.testCase_buildCustomOrg_default ||","            function (options, onError) {","            /*","             * this function will test buildCustomOrg's default handling-behavior","             */","                options = {};","                local.buildCustomOrg(options, onError);","            };","","        local.testCase_buildLib_default = local.testCase_buildLib_default || function (","            options,","            onError","        ) {","        /*","         * this function will test buildLib's default handling-behavior","         */","            options = {};","            local.buildLib(options, onError);","        };","","        local.testCase_buildReadme_default = local.testCase_buildReadme_default || function (","            options,","            onError","        ) {","        /*","         * this function will test buildReadme's default handling-behavior-behavior","         */","            options = {};","            local.buildReadme(options, onError);","        };","","        local.testCase_buildTest_default = local.testCase_buildTest_default || function (","            options,","            onError","        ) {","        /*","         * this function will test buildTest's default handling-behavior","         */","            options = {};","            local.buildTest(options, onError);","        };","","        local.testCase_webpage_default = local.testCase_webpage_default || function (","            options,","            onError","        ) {","        /*","         * this function will test webpage's default handling-behavior","         */","            options = { modeCoverageMerge: true, url: local.serverLocalHost + '?modeTest=1' };","            local.browserTest(options, onError);","        };","","        // run test-server","        local.testRunServer(local);","        break;","    }","}());",""],"l":{"12":2,"14":2,"19":2,"21":2,"23":2,"24":2,"25":2,"30":1,"37":2,"40":2,"43":1,"47":1,"50":1,"52":1,"55":2,"61":2,"62":2,"64":2,"70":1,"76":1,"82":2,"83":2,"85":2,"91":1,"98":1,"102":1,"105":1,"112":1,"119":1,"120":1,"123":1,"130":1,"131":1,"132":1,"133":1,"134":1,"135":1,"138":1,"143":2,"144":2,"147":1,"154":2,"155":2,"158":1,"165":2,"166":2,"169":1,"176":2,"177":2,"180":1,"187":1,"188":1,"192":1,"193":1}},"/home/travis/build/npmtest/node-npmtest-msgpack-lite/lib.npmtest_msgpack_lite.js":{"path":"/home/travis/build/npmtest/node-npmtest-msgpack-lite/lib.npmtest_msgpack_lite.js","s":{"1":2,"2":2,"3":2,"4":2,"5":2,"6":2,"7":2,"8":1,"9":2,"10":2,"11":2,"12":2,"13":1,"14":1,"15":1,"16":1},"b":{"1":[2,1,1,1],"2":[1,1,1,1],"3":[1,1],"4":[2,2],"5":[1,1]},"f":{"1":2,"2":2,"3":2},"fnMap":{"1":{"name":"(anonymous_1)","line":12,"loc":{"start":{"line":12,"column":1},"end":{"line":12,"column":13}}},"2":{"name":"(anonymous_2)","line":19,"loc":{"start":{"line":19,"column":5},"end":{"line":19,"column":17}}},"3":{"name":"(anonymous_3)","line":23,"loc":{"start":{"line":23,"column":24},"end":{"line":23,"column":36}}}},"statementMap":{"1":{"start":{"line":12,"column":0},"end":{"line":53,"column":5}},"2":{"start":{"line":14,"column":4},"end":{"line":14,"column":14}},"3":{"start":{"line":19,"column":4},"end":{"line":52,"column":9}},"4":{"start":{"line":21,"column":8},"end":{"line":21,"column":19}},"5":{"start":{"line":23,"column":8},"end":{"line":35,"column":13}},"6":{"start":{"line":24,"column":12},"end":{"line":34,"column":13}},"7":{"start":{"line":25,"column":16},"end":{"line":28,"column":30}},"8":{"start":{"line":30,"column":16},"end":{"line":33,"column":27}},"9":{"start":{"line":37,"column":8},"end":{"line":39,"column":21}},"10":{"start":{"line":41,"column":8},"end":{"line":41,"column":54}},"11":{"start":{"line":43,"column":8},"end":{"line":43,"column":57}},"12":{"start":{"line":45,"column":8},"end":{"line":51,"column":9}},"13":{"start":{"line":46,"column":12},"end":{"line":46,"column":63}},"14":{"start":{"line":48,"column":12},"end":{"line":48,"column":35}},"15":{"start":{"line":49,"column":12},"end":{"line":49,"column":49}},"16":{"start":{"line":50,"column":12},"end":{"line":50,"column":43}}},"branchMap":{"1":{"line":25,"type":"binary-expr","locations":[{"start":{"line":25,"column":23},"end":{"line":25,"column":62}},{"start":{"line":26,"column":20},"end":{"line":26,"column":70}},{"start":{"line":27,"column":20},"end":{"line":27,"column":71}},{"start":{"line":28,"column":20},"end":{"line":28,"column":29}}]},"2":{"line":30,"type":"binary-expr","locations":[{"start":{"line":30,"column":23},"end":{"line":30,"column":37}},{"start":{"line":31,"column":20},"end":{"line":31,"column":61}},{"start":{"line":32,"column":20},"end":{"line":32,"column":70}},{"start":{"line":33,"column":20},"end":{"line":33,"column":26}}]},"3":{"line":37,"type":"cond-expr","locations":[{"start":{"line":38,"column":14},"end":{"line":38,"column":20}},{"start":{"line":39,"column":14},"end":{"line":39,"column":20}}]},"4":{"line":41,"type":"binary-expr","locations":[{"start":{"line":41,"column":16},"end":{"line":41,"column":44}},{"start":{"line":41,"column":48},"end":{"line":41,"column":53}}]},"5":{"line":45,"type":"if","locations":[{"start":{"line":45,"column":8},"end":{"line":45,"column":8}},{"start":{"line":45,"column":8},"end":{"line":45,"column":8}}]}},"code":["/* istanbul instrument in package npmtest_msgpack_lite */","/*jslint","    bitwise: true,","    browser: true,","    maxerr: 8,","    maxlen: 96,","    node: true,","    nomen: true,","    regexp: true,","    stupid: true","*/","(function () {","    'use strict';","    var local;","","","","    // run shared js-env code - pre-init","    (function () {","        // init local","        local = {};","        // init modeJs","        local.modeJs = (function () {","            try {","                return typeof navigator.userAgent === 'string' &&","                    typeof document.querySelector('body') === 'object' &&","                    typeof XMLHttpRequest.prototype.open === 'function' &&","                    'browser';","            } catch (errorCaughtBrowser) {","                return module.exports &&","                    typeof process.versions.node === 'string' &&","                    typeof require('http').createServer === 'function' &&","                    'node';","            }","        }());","        // init global","        local.global = local.modeJs === 'browser'","            ? window","            : global;","        // init utility2_rollup","        local = local.global.utility2_rollup || local;","        // init lib","        local.local = local.npmtest_msgpack_lite = local;","        // init exports","        if (local.modeJs === 'browser') {","            local.global.utility2_npmtest_msgpack_lite = local;","        } else {","            module.exports = local;","            module.exports.__dirname = __dirname;","            module.exports.module = module;","        }","    }());","}());",""],"l":{"12":2,"14":2,"19":2,"21":2,"23":2,"24":2,"25":2,"30":1,"37":2,"41":2,"43":2,"45":2,"46":1,"48":1,"49":1,"50":1}},"/home/travis/build/npmtest/node-npmtest-msgpack-lite/example.js":{"path":"/home/travis/build/npmtest/node-npmtest-msgpack-lite/example.js","s":{"1":2,"2":2,"3":2,"4":2,"5":2,"6":2,"7":2,"8":1,"9":2,"10":2,"11":2,"12":2,"13":1,"14":2,"15":2,"16":2,"17":2,"18":2,"19":0,"20":2,"21":1,"22":1,"23":1,"24":1,"25":1,"26":0,"27":0,"28":1,"29":1,"30":2,"31":0,"32":0,"33":0,"34":1,"35":2,"36":2,"37":3,"38":3,"39":3,"40":3,"41":0,"42":3,"43":3,"44":3,"45":1,"46":3,"47":1,"48":1,"49":1,"50":1,"51":1,"52":1,"53":1,"54":1,"55":1,"56":1,"57":0,"58":1,"59":6,"60":6,"61":1,"62":2,"63":0,"64":2,"65":1,"66":1,"67":0,"68":0,"69":0,"70":0,"71":0,"72":0,"73":0,"74":0,"75":0,"76":0,"77":0,"78":0,"79":0,"80":0,"81":0,"82":0,"83":0},"b":{"1":[2,1,1,1],"2":[1,1,1,1],"3":[1,1],"4":[2,2],"5":[1,1],"6":[1,1],"7":[2,0],"8":[2,1,1,1,1,1],"9":[0,2,0],"10":[1,1],"11":[2,1,1],"12":[1,0],"13":[0,2],"14":[2,0,0,0,0,0,0],"15":[0,3],"16":[3,0],"17":[1,1],"18":[0,1],"19":[1,2,0,2],"20":[1,0],"21":[1,1],"22":[0,0],"23":[0,0],"24":[0,0],"25":[0,0],"26":[0,0],"27":[0,0],"28":[0,0]},"f":{"1":2,"2":2,"3":2,"4":2,"5":2,"6":2,"7":3,"8":3,"9":3,"10":1,"11":6,"12":0},"fnMap":{"1":{"name":"(anonymous_1)","line":26,"loc":{"start":{"line":26,"column":1},"end":{"line":26,"column":13}}},"2":{"name":"(anonymous_2)","line":33,"loc":{"start":{"line":33,"column":5},"end":{"line":33,"column":17}}},"3":{"name":"(anonymous_3)","line":37,"loc":{"start":{"line":37,"column":24},"end":{"line":37,"column":36}}},"4":{"name":"(anonymous_4)","line":69,"loc":{"start":{"line":69,"column":31},"end":{"line":69,"column":48}},"skip":true},"5":{"name":"(anonymous_5)","line":78,"loc":{"start":{"line":78,"column":26},"end":{"line":78,"column":45}},"skip":true},"6":{"name":"(anonymous_6)","line":123,"loc":{"start":{"line":123,"column":33},"end":{"line":123,"column":48}},"skip":true},"7":{"name":"(anonymous_7)","line":125,"loc":{"start":{"line":125,"column":27},"end":{"line":125,"column":39}},"skip":true},"8":{"name":"(anonymous_8)","line":133,"loc":{"start":{"line":133,"column":59},"end":{"line":133,"column":74}},"skip":true},"9":{"name":"(anonymous_9)","line":143,"loc":{"start":{"line":143,"column":45},"end":{"line":143,"column":62}},"skip":true},"10":{"name":"(anonymous_10)","line":144,"loc":{"start":{"line":144,"column":73},"end":{"line":144,"column":92}},"skip":true},"11":{"name":"(anonymous_11)","line":272,"loc":{"start":{"line":272,"column":51},"end":{"line":272,"column":77}},"skip":true},"12":{"name":"(anonymous_12)","line":315,"loc":{"start":{"line":315,"column":32},"end":{"line":315,"column":61}},"skip":true}},"statementMap":{"1":{"start":{"line":26,"column":0},"end":{"line":326,"column":5}},"2":{"start":{"line":28,"column":4},"end":{"line":28,"column":14}},"3":{"start":{"line":33,"column":4},"end":{"line":60,"column":9}},"4":{"start":{"line":35,"column":8},"end":{"line":35,"column":19}},"5":{"start":{"line":37,"column":8},"end":{"line":49,"column":13}},"6":{"start":{"line":38,"column":12},"end":{"line":48,"column":13}},"7":{"start":{"line":39,"column":16},"end":{"line":42,"column":30}},"8":{"start":{"line":44,"column":16},"end":{"line":47,"column":27}},"9":{"start":{"line":51,"column":8},"end":{"line":53,"column":21}},"10":{"start":{"line":55,"column":8},"end":{"line":57,"column":45}},"11":{"start":{"line":59,"column":8},"end":{"line":59,"column":35}},"12":{"start":{"line":61,"column":4},"end":{"line":325,"column":5}},"13":{"start":{"line":69,"column":8},"end":{"line":121,"column":10},"skip":true},"14":{"start":{"line":70,"column":12},"end":{"line":88,"column":13},"skip":true},"15":{"start":{"line":76,"column":16},"end":{"line":87,"column":19},"skip":true},"16":{"start":{"line":79,"column":20},"end":{"line":86,"column":21},"skip":true},"17":{"start":{"line":82,"column":24},"end":{"line":82,"column":43},"skip":true},"18":{"start":{"line":83,"column":24},"end":{"line":83,"column":30},"skip":true},"19":{"start":{"line":85,"column":24},"end":{"line":85,"column":49},"skip":true},"20":{"start":{"line":89,"column":12},"end":{"line":107,"column":13},"skip":true},"21":{"start":{"line":92,"column":16},"end":{"line":102,"column":17},"skip":true},"22":{"start":{"line":93,"column":20},"end":{"line":93,"column":86},"skip":true},"23":{"start":{"line":94,"column":20},"end":{"line":95,"column":45},"skip":true},"24":{"start":{"line":96,"column":20},"end":{"line":96,"column":42},"skip":true},"25":{"start":{"line":97,"column":20},"end":{"line":97,"column":48},"skip":true},"26":{"start":{"line":100,"column":20},"end":{"line":100,"column":85},"skip":true},"27":{"start":{"line":101,"column":20},"end":{"line":101,"column":96},"skip":true},"28":{"start":{"line":103,"column":16},"end":{"line":103,"column":22},"skip":true},"29":{"start":{"line":106,"column":16},"end":{"line":106,"column":22},"skip":true},"30":{"start":{"line":108,"column":12},"end":{"line":120,"column":13},"skip":true},"31":{"start":{"line":114,"column":16},"end":{"line":119,"column":17},"skip":true},"32":{"start":{"line":116,"column":20},"end":{"line":116,"column":78},"skip":true},"33":{"start":{"line":118,"column":20},"end":{"line":118,"column":47},"skip":true},"34":{"start":{"line":123,"column":8},"end":{"line":141,"column":11},"skip":true},"35":{"start":{"line":124,"column":12},"end":{"line":124,"column":54},"skip":true},"36":{"start":{"line":125,"column":12},"end":{"line":140,"column":14},"skip":true},"37":{"start":{"line":126,"column":16},"end":{"line":126,"column":28},"skip":true},"38":{"start":{"line":127,"column":16},"end":{"line":127,"column":69},"skip":true},"39":{"start":{"line":128,"column":16},"end":{"line":128,"column":75},"skip":true},"40":{"start":{"line":129,"column":16},"end":{"line":131,"column":17},"skip":true},"41":{"start":{"line":130,"column":20},"end":{"line":130,"column":27},"skip":true},"42":{"start":{"line":133,"column":16},"end":{"line":137,"column":36},"skip":true},"43":{"start":{"line":134,"column":20},"end":{"line":136,"column":55},"skip":true},"44":{"start":{"line":139,"column":16},"end":{"line":139,"column":57},"skip":true},"45":{"start":{"line":143,"column":8},"end":{"line":147,"column":11},"skip":true},"46":{"start":{"line":144,"column":12},"end":{"line":146,"column":15},"skip":true},"47":{"start":{"line":145,"column":16},"end":{"line":145,"column":70},"skip":true},"48":{"start":{"line":149,"column":8},"end":{"line":149,"column":31},"skip":true},"49":{"start":{"line":150,"column":8},"end":{"line":150,"column":14},"skip":true},"50":{"start":{"line":158,"column":8},"end":{"line":158,"column":31},"skip":true},"51":{"start":{"line":160,"column":8},"end":{"line":160,"column":33},"skip":true},"52":{"start":{"line":161,"column":8},"end":{"line":161,"column":37},"skip":true},"53":{"start":{"line":162,"column":8},"end":{"line":162,"column":35},"skip":true},"54":{"start":{"line":164,"column":8},"end":{"line":164,"column":50},"skip":true},"55":{"start":{"line":166,"column":8},"end":{"line":256,"column":2},"skip":true},"56":{"start":{"line":258,"column":8},"end":{"line":286,"column":9},"skip":true},"57":{"start":{"line":259,"column":12},"end":{"line":269,"column":14},"skip":true},"58":{"start":{"line":271,"column":12},"end":{"line":285,"column":19},"skip":true},"59":{"start":{"line":274,"column":20},"end":{"line":274,"column":35},"skip":true},"60":{"start":{"line":275,"column":20},"end":{"line":284,"column":21},"skip":true},"61":{"start":{"line":277,"column":24},"end":{"line":277,"column":64},"skip":true},"62":{"start":{"line":279,"column":24},"end":{"line":279,"column":40},"skip":true},"63":{"start":{"line":281,"column":24},"end":{"line":281,"column":40},"skip":true},"64":{"start":{"line":283,"column":24},"end":{"line":283,"column":39},"skip":true},"65":{"start":{"line":288,"column":8},"end":{"line":290,"column":9},"skip":true},"66":{"start":{"line":289,"column":12},"end":{"line":289,"column":18},"skip":true},"67":{"start":{"line":291,"column":8},"end":{"line":293,"column":54},"skip":true},"68":{"start":{"line":296,"column":8},"end":{"line":301,"column":37},"skip":true},"69":{"start":{"line":303,"column":8},"end":{"line":303,"column":82},"skip":true},"70":{"start":{"line":306,"column":8},"end":{"line":308,"column":9},"skip":true},"71":{"start":{"line":307,"column":12},"end":{"line":307,"column":82},"skip":true},"72":{"start":{"line":310,"column":8},"end":{"line":312,"column":9},"skip":true},"73":{"start":{"line":311,"column":12},"end":{"line":311,"column":18},"skip":true},"74":{"start":{"line":313,"column":8},"end":{"line":313,"column":54},"skip":true},"75":{"start":{"line":314,"column":8},"end":{"line":314,"column":69},"skip":true},"76":{"start":{"line":315,"column":8},"end":{"line":323,"column":36},"skip":true},"77":{"start":{"line":316,"column":12},"end":{"line":316,"column":61},"skip":true},"78":{"start":{"line":317,"column":12},"end":{"line":320,"column":13},"skip":true},"79":{"start":{"line":318,"column":16},"end":{"line":318,"column":75},"skip":true},"80":{"start":{"line":319,"column":16},"end":{"line":319,"column":23},"skip":true},"81":{"start":{"line":321,"column":12},"end":{"line":321,"column":38},"skip":true},"82":{"start":{"line":322,"column":12},"end":{"line":322,"column":27},"skip":true},"83":{"start":{"line":324,"column":8},"end":{"line":324,"column":14},"skip":true}},"branchMap":{"1":{"line":39,"type":"binary-expr","locations":[{"start":{"line":39,"column":23},"end":{"line":39,"column":62}},{"start":{"line":40,"column":20},"end":{"line":40,"column":70}},{"start":{"line":41,"column":20},"end":{"line":41,"column":71}},{"start":{"line":42,"column":20},"end":{"line":42,"column":29}}]},"2":{"line":44,"type":"binary-expr","locations":[{"start":{"line":44,"column":23},"end":{"line":44,"column":37}},{"start":{"line":45,"column":20},"end":{"line":45,"column":61}},{"start":{"line":46,"column":20},"end":{"line":46,"column":70}},{"start":{"line":47,"column":20},"end":{"line":47,"column":26}}]},"3":{"line":51,"type":"cond-expr","locations":[{"start":{"line":52,"column":14},"end":{"line":52,"column":20}},{"start":{"line":53,"column":14},"end":{"line":53,"column":20}}]},"4":{"line":55,"type":"binary-expr","locations":[{"start":{"line":55,"column":16},"end":{"line":55,"column":44}},{"start":{"line":55,"column":49},"end":{"line":57,"column":43}}]},"5":{"line":55,"type":"cond-expr","locations":[{"start":{"line":56,"column":14},"end":{"line":56,"column":56}},{"start":{"line":57,"column":14},"end":{"line":57,"column":43}}]},"6":{"line":61,"type":"switch","locations":[{"start":{"line":68,"column":4},"end":{"line":150,"column":14},"skip":true},{"start":{"line":156,"column":4},"end":{"line":324,"column":14},"skip":true}]},"7":{"line":70,"type":"if","locations":[{"start":{"line":70,"column":12},"end":{"line":70,"column":12},"skip":true},{"start":{"line":70,"column":12},"end":{"line":70,"column":12},"skip":true}]},"8":{"line":70,"type":"binary-expr","locations":[{"start":{"line":70,"column":16},"end":{"line":70,"column":22},"skip":true},{"start":{"line":70,"column":27},"end":{"line":70,"column":32},"skip":true},{"start":{"line":71,"column":20},"end":{"line":71,"column":39},"skip":true},{"start":{"line":72,"column":20},"end":{"line":72,"column":49},"skip":true},{"start":{"line":73,"column":20},"end":{"line":73,"column":58},"skip":true},{"start":{"line":74,"column":20},"end":{"line":74,"column":69},"skip":true}]},"9":{"line":79,"type":"switch","locations":[{"start":{"line":80,"column":20},"end":{"line":80,"column":33},"skip":true},{"start":{"line":81,"column":20},"end":{"line":83,"column":30},"skip":true},{"start":{"line":84,"column":20},"end":{"line":85,"column":49},"skip":true}]},"10":{"line":89,"type":"switch","locations":[{"start":{"line":90,"column":12},"end":{"line":103,"column":22},"skip":true},{"start":{"line":105,"column":12},"end":{"line":106,"column":22},"skip":true}]},"11":{"line":89,"type":"binary-expr","locations":[{"start":{"line":89,"column":20},"end":{"line":89,"column":25},"skip":true},{"start":{"line":89,"column":29},"end":{"line":89,"column":48},"skip":true},{"start":{"line":89,"column":52},"end":{"line":89,"column":74},"skip":true}]},"12":{"line":92,"type":"if","locations":[{"start":{"line":92,"column":16},"end":{"line":92,"column":16},"skip":true},{"start":{"line":92,"column":16},"end":{"line":92,"column":16},"skip":true}]},"13":{"line":108,"type":"if","locations":[{"start":{"line":108,"column":12},"end":{"line":108,"column":12},"skip":true},{"start":{"line":108,"column":12},"end":{"line":108,"column":12},"skip":true}]},"14":{"line":108,"type":"binary-expr","locations":[{"start":{"line":108,"column":16},"end":{"line":108,"column":61},"skip":true},{"start":{"line":108,"column":66},"end":{"line":108,"column":72},"skip":true},{"start":{"line":108,"column":77},"end":{"line":108,"column":82},"skip":true},{"start":{"line":109,"column":20},"end":{"line":109,"column":39},"skip":true},{"start":{"line":110,"column":20},"end":{"line":110,"column":49},"skip":true},{"start":{"line":111,"column":20},"end":{"line":111,"column":58},"skip":true},{"start":{"line":112,"column":20},"end":{"line":112,"column":68},"skip":true}]},"15":{"line":129,"type":"if","locations":[{"start":{"line":129,"column":16},"end":{"line":129,"column":16},"skip":true},{"start":{"line":129,"column":16},"end":{"line":129,"column":16},"skip":true}]},"16":{"line":134,"type":"cond-expr","locations":[{"start":{"line":135,"column":26},"end":{"line":135,"column":29},"skip":true},{"start":{"line":136,"column":26},"end":{"line":136,"column":54},"skip":true}]},"17":{"line":164,"type":"binary-expr","locations":[{"start":{"line":164,"column":27},"end":{"line":164,"column":43},"skip":true},{"start":{"line":164,"column":47},"end":{"line":164,"column":49},"skip":true}]},"18":{"line":258,"type":"if","locations":[{"start":{"line":258,"column":8},"end":{"line":258,"column":8},"skip":true},{"start":{"line":258,"column":8},"end":{"line":258,"column":8},"skip":true}]},"19":{"line":275,"type":"switch","locations":[{"start":{"line":276,"column":20},"end":{"line":277,"column":64},"skip":true},{"start":{"line":278,"column":20},"end":{"line":279,"column":40},"skip":true},{"start":{"line":280,"column":20},"end":{"line":281,"column":40},"skip":true},{"start":{"line":282,"column":20},"end":{"line":283,"column":39},"skip":true}]},"20":{"line":288,"type":"if","locations":[{"start":{"line":288,"column":8},"end":{"line":288,"column":8},"skip":true},{"start":{"line":288,"column":8},"end":{"line":288,"column":8},"skip":true}]},"21":{"line":288,"type":"binary-expr","locations":[{"start":{"line":288,"column":12},"end":{"line":288,"column":40},"skip":true},{"start":{"line":288,"column":44},"end":{"line":288,"column":67},"skip":true}]},"22":{"line":292,"type":"binary-expr","locations":[{"start":{"line":292,"column":12},"end":{"line":292,"column":50},"skip":true},{"start":{"line":293,"column":12},"end":{"line":293,"column":53},"skip":true}]},"23":{"line":297,"type":"binary-expr","locations":[{"start":{"line":297,"column":12},"end":{"line":297,"column":70},"skip":true},{"start":{"line":298,"column":12},"end":{"line":301,"column":36},"skip":true}]},"24":{"line":303,"type":"binary-expr","locations":[{"start":{"line":303,"column":43},"end":{"line":303,"column":75},"skip":true},{"start":{"line":303,"column":79},"end":{"line":303,"column":81},"skip":true}]},"25":{"line":306,"type":"if","locations":[{"start":{"line":306,"column":8},"end":{"line":306,"column":8},"skip":true},{"start":{"line":306,"column":8},"end":{"line":306,"column":8},"skip":true}]},"26":{"line":310,"type":"if","locations":[{"start":{"line":310,"column":8},"end":{"line":310,"column":8},"skip":true},{"start":{"line":310,"column":8},"end":{"line":310,"column":8},"skip":true}]},"27":{"line":313,"type":"binary-expr","locations":[{"start":{"line":313,"column":27},"end":{"line":313,"column":43},"skip":true},{"start":{"line":313,"column":47},"end":{"line":313,"column":53},"skip":true}]},"28":{"line":317,"type":"if","locations":[{"start":{"line":317,"column":12},"end":{"line":317,"column":12},"skip":true},{"start":{"line":317,"column":12},"end":{"line":317,"column":12},"skip":true}]}},"code":["/*","example.js","","quickstart example","","instruction","    1. save this script as example.js","    2. run the shell command:","        $ npm install npmtest-msgpack-lite && PORT=8081 node example.js","    3. play with the browser-demo on http://127.0.0.1:8081","*/","","","","/* istanbul instrument in package npmtest_msgpack_lite */","/*jslint","    bitwise: true,","    browser: true,","    maxerr: 8,","    maxlen: 96,","    node: true,","    nomen: true,","    regexp: true,","    stupid: true","*/","(function () {","    'use strict';","    var local;","","","","    // run shared js-env code - pre-init","    (function () {","        // init local","        local = {};","        // init modeJs","        local.modeJs = (function () {","            try {","                return typeof navigator.userAgent === 'string' &&","                    typeof document.querySelector('body') === 'object' &&","                    typeof XMLHttpRequest.prototype.open === 'function' &&","                    'browser';","            } catch (errorCaughtBrowser) {","                return module.exports &&","                    typeof process.versions.node === 'string' &&","                    typeof require('http').createServer === 'function' &&","                    'node';","            }","        }());","        // init global","        local.global = local.modeJs === 'browser'","            ? window","            : global;","        // init utility2_rollup","        local = local.global.utility2_rollup || (local.modeJs === 'browser'","            ? local.global.utility2_npmtest_msgpack_lite","            : global.utility2_moduleExports);","        // export local","        local.global.local = local;","    }());","    switch (local.modeJs) {","","","","    // post-init","    // run browser js-env code - post-init","    /* istanbul ignore next */","    case 'browser':","        local.testRunBrowser = function (event) {","            if (!event || (event &&","                    event.currentTarget &&","                    event.currentTarget.className &&","                    event.currentTarget.className.includes &&","                    event.currentTarget.className.includes('onreset'))) {","                // reset output","                Array.from(","                    document.querySelectorAll('body > .resettable')","                ).forEach(function (element) {","                    switch (element.tagName) {","                    case 'INPUT':","                    case 'TEXTAREA':","                        element.value = '';","                        break;","                    default:","                        element.textContent = '';","                    }","                });","            }","            switch (event && event.currentTarget && event.currentTarget.id) {","            case 'testRunButton1':","                // show tests","                if (document.querySelector('#testReportDiv1').style.display === 'none') {","                    document.querySelector('#testReportDiv1').style.display = 'block';","                    document.querySelector('#testRunButton1').textContent =","                        'hide internal test';","                    local.modeTest = true;","                    local.testRunDefault(local);","                // hide tests","                } else {","                    document.querySelector('#testReportDiv1').style.display = 'none';","                    document.querySelector('#testRunButton1').textContent = 'run internal test';","                }","                break;","            // custom-case","            default:","                break;","            }","            if (document.querySelector('#inputTextareaEval1') && (!event || (event &&","                    event.currentTarget &&","                    event.currentTarget.className &&","                    event.currentTarget.className.includes &&","                    event.currentTarget.className.includes('oneval')))) {","                // try to eval input-code","                try {","                    /*jslint evil: true*/","                    eval(document.querySelector('#inputTextareaEval1').value);","                } catch (errorCaught) {","                    console.error(errorCaught);","                }","            }","        };","        // log stderr and stdout to #outputTextareaStdout1","        ['error', 'log'].forEach(function (key) {","            console[key + '_original'] = console[key];","            console[key] = function () {","                var element;","                console[key + '_original'].apply(console, arguments);","                element = document.querySelector('#outputTextareaStdout1');","                if (!element) {","                    return;","                }","                // append text to #outputTextareaStdout1","                element.value += Array.from(arguments).map(function (arg) {","                    return typeof arg === 'string'","                        ? arg","                        : JSON.stringify(arg, null, 4);","                }).join(' ') + '\\n';","                // scroll textarea to bottom","                element.scrollTop = element.scrollHeight;","            };","        });","        // init event-handling","        ['change', 'click', 'keyup'].forEach(function (event) {","            Array.from(document.querySelectorAll('.on' + event)).forEach(function (element) {","                element.addEventListener(event, local.testRunBrowser);","            });","        });","        // run tests","        local.testRunBrowser();","        break;","","","","    // run node js-env code - post-init","    /* istanbul ignore next */","    case 'node':","        // export local","        module.exports = local;","        // require modules","        local.fs = require('fs');","        local.http = require('http');","        local.url = require('url');","        // init assets","        local.assetsDict = local.assetsDict || {};","        /* jslint-ignore-begin */","        local.assetsDict['/assets.index.template.html'] = '\\","<!doctype html>\\n\\","<html lang=\"en\">\\n\\","<head>\\n\\","<meta charset=\"UTF-8\">\\n\\","<meta name=\"viewport\" content=\"width=device-width, initial-scale=1\">\\n\\","<title>{{env.npm_package_name}} (v{{env.npm_package_version}})</title>\\n\\","<style>\\n\\","/*csslint\\n\\","    box-sizing: false,\\n\\","    universal-selector: false\\n\\","*/\\n\\","* {\\n\\","    box-sizing: border-box;\\n\\","}\\n\\","body {\\n\\","    background: #dde;\\n\\","    font-family: Arial, Helvetica, sans-serif;\\n\\","    margin: 2rem;\\n\\","}\\n\\","body > * {\\n\\","    margin-bottom: 1rem;\\n\\","}\\n\\",".utility2FooterDiv {\\n\\","    margin-top: 20px;\\n\\","    text-align: center;\\n\\","}\\n\\","</style>\\n\\","<style>\\n\\","/*csslint\\n\\","*/\\n\\","textarea {\\n\\","    font-family: monospace;\\n\\","    height: 10rem;\\n\\","    width: 100%;\\n\\","}\\n\\","textarea[readonly] {\\n\\","    background: #ddd;\\n\\","}\\n\\","</style>\\n\\","</head>\\n\\","<body>\\n\\","<!-- utility2-comment\\n\\","<div id=\"ajaxProgressDiv1\" style=\"background: #d00; height: 2px; left: 0; margin: 0; padding: 0; position: fixed; top: 0; transition: background 0.5s, width 1.5s; width: 25%;\"></div>\\n\\","utility2-comment -->\\n\\","<h1>\\n\\","<!-- utility2-comment\\n\\","    <a\\n\\","        {{#if env.npm_package_homepage}}\\n\\","        href=\"{{env.npm_package_homepage}}\"\\n\\","        {{/if env.npm_package_homepage}}\\n\\","        target=\"_blank\"\\n\\","    >\\n\\","utility2-comment -->\\n\\","        {{env.npm_package_name}} (v{{env.npm_package_version}})\\n\\","<!-- utility2-comment\\n\\","    </a>\\n\\","utility2-comment -->\\n\\","</h1>\\n\\","<h3>{{env.npm_package_description}}</h3>\\n\\","<!-- utility2-comment\\n\\","<h4><a download href=\"assets.app.js\">download standalone app</a></h4>\\n\\","<button class=\"onclick onreset\" id=\"testRunButton1\">run internal test</button><br>\\n\\","<div id=\"testReportDiv1\" style=\"display: none;\"></div>\\n\\","utility2-comment -->\\n\\","\\n\\","\\n\\","\\n\\","<label>stderr and stdout</label>\\n\\","<textarea class=\"resettable\" id=\"outputTextareaStdout1\" readonly></textarea>\\n\\","<!-- utility2-comment\\n\\","{{#if isRollup}}\\n\\","<script src=\"assets.app.js\"></script>\\n\\","{{#unless isRollup}}\\n\\","utility2-comment -->\\n\\","<script src=\"assets.utility2.rollup.js\"></script>\\n\\","<script src=\"jsonp.utility2._stateInit?callback=window.utility2._stateInit\"></script>\\n\\","<script src=\"assets.npmtest_msgpack_lite.rollup.js\"></script>\\n\\","<script src=\"assets.example.js\"></script>\\n\\","<script src=\"assets.test.js\"></script>\\n\\","<!-- utility2-comment\\n\\","{{/if isRollup}}\\n\\","utility2-comment -->\\n\\","<div class=\"utility2FooterDiv\">\\n\\","    [ this app was created with\\n\\","    <a href=\"https://github.com/kaizhu256/node-utility2\" target=\"_blank\">utility2</a>\\n\\","    ]\\n\\","</div>\\n\\","</body>\\n\\","</html>\\n\\","';","        /* jslint-ignore-end */","        if (local.templateRender) {","            local.assetsDict['/'] = local.templateRender(","                local.assetsDict['/assets.index.template.html'],","                {","                    env: local.objectSetDefault(local.env, {","                        npm_package_description: 'the greatest app in the world!',","                        npm_package_name: 'my-app',","                        npm_package_nameAlias: 'my_app',","                        npm_package_version: '0.0.1'","                    })","                }","            );","        } else {","            local.assetsDict['/'] = local.assetsDict['/assets.index.template.html']","                .replace((/\\{\\{env\\.(\\w+?)\\}\\}/g), function (match0, match1) {","                    // jslint-hack","                    String(match0);","                    switch (match1) {","                    case 'npm_package_description':","                        return 'the greatest app in the world!';","                    case 'npm_package_name':","                        return 'my-app';","                    case 'npm_package_nameAlias':","                        return 'my_app';","                    case 'npm_package_version':","                        return '0.0.1';","                    }","                });","        }","        // run the cli","        if (local.global.utility2_rollup || module !== require.main) {","            break;","        }","        local.assetsDict['/assets.example.js'] =","            local.assetsDict['/assets.example.js'] ||","            local.fs.readFileSync(__filename, 'utf8');","        // bug-workaround - long $npm_package_buildCustomOrg","        /* jslint-ignore-begin */","        local.assetsDict['/assets.npmtest_msgpack_lite.rollup.js'] =","            local.assetsDict['/assets.npmtest_msgpack_lite.rollup.js'] ||","            local.fs.readFileSync(","                local.npmtest_msgpack_lite.__dirname + '/lib.npmtest_msgpack_lite.js',","                'utf8'","            ).replace((/^#!/), '//');","        /* jslint-ignore-end */","        local.assetsDict['/favicon.ico'] = local.assetsDict['/favicon.ico'] || '';","        // if $npm_config_timeout_exit exists,","        // then exit this process after $npm_config_timeout_exit ms","        if (Number(process.env.npm_config_timeout_exit)) {","            setTimeout(process.exit, Number(process.env.npm_config_timeout_exit));","        }","        // start server","        if (local.global.utility2_serverHttp1) {","            break;","        }","        process.env.PORT = process.env.PORT || '8081';","        console.error('server starting on port ' + process.env.PORT);","        local.http.createServer(function (request, response) {","            request.urlParsed = local.url.parse(request.url);","            if (local.assetsDict[request.urlParsed.pathname] !== undefined) {","                response.end(local.assetsDict[request.urlParsed.pathname]);","                return;","            }","            response.statusCode = 404;","            response.end();","        }).listen(process.env.PORT);","        break;","    }","}());",""],"l":{"26":2,"28":2,"33":2,"35":2,"37":2,"38":2,"39":2,"44":1,"51":2,"55":2,"59":2,"61":2,"69":1,"70":2,"76":2,"79":2,"82":2,"83":2,"85":1,"89":2,"92":1,"93":1,"94":1,"96":1,"97":1,"100":1,"101":1,"103":1,"106":1,"108":2,"114":1,"116":1,"118":1,"123":1,"124":2,"125":2,"126":3,"127":3,"128":3,"129":3,"130":1,"133":3,"134":3,"139":3,"143":1,"144":3,"145":1,"149":1,"150":1,"158":1,"160":1,"161":1,"162":1,"164":1,"166":1,"258":1,"259":1,"271":1,"274":6,"275":6,"277":1,"279":2,"281":1,"283":2,"288":1,"289":1,"291":1,"296":1,"303":1,"306":1,"307":1,"310":1,"311":1,"313":1,"314":1,"315":1,"316":1,"317":1,"318":1,"319":1,"321":1,"322":1,"324":1}},"/home/travis/build/npmtest/node-npmtest-msgpack-lite/node_modules/msgpack-lite/index.js":{"path":"/home/travis/build/npmtest/node-npmtest-msgpack-lite/node_modules/msgpack-lite/index.js","s":{"1":1,"2":1,"3":1,"4":1,"5":1,"6":1,"7":1,"8":1},"b":{},"f":{},"fnMap":{},"statementMap":{"1":{"start":{"line":3,"column":0},"end":{"line":3,"column":48}},"2":{"start":{"line":4,"column":0},"end":{"line":4,"column":48}},"3":{"start":{"line":6,"column":0},"end":{"line":6,"column":51}},"4":{"start":{"line":7,"column":0},"end":{"line":7,"column":51}},"5":{"start":{"line":9,"column":0},"end":{"line":9,"column":79}},"6":{"start":{"line":10,"column":0},"end":{"line":10,"column":79}},"7":{"start":{"line":12,"column":0},"end":{"line":12,"column":55}},"8":{"start":{"line":13,"column":0},"end":{"line":13,"column":45}}},"branchMap":{},"code":["// msgpack.js","","exports.encode = require(\"./lib/encode\").encode;","exports.decode = require(\"./lib/decode\").decode;","","exports.Encoder = require(\"./lib/encoder\").Encoder;","exports.Decoder = require(\"./lib/decoder\").Decoder;","","exports.createEncodeStream = require(\"./lib/encode-stream\").createEncodeStream;","exports.createDecodeStream = require(\"./lib/decode-stream\").createDecodeStream;","","exports.createCodec = require(\"./lib/ext\").createCodec;","exports.codec = require(\"./lib/codec\").codec;",""],"l":{"3":1,"4":1,"6":1,"7":1,"9":1,"10":1,"12":1,"13":1}},"/home/travis/build/npmtest/node-npmtest-msgpack-lite/node_modules/msgpack-lite/lib/encode.js":{"path":"/home/travis/build/npmtest/node-npmtest-msgpack-lite/node_modules/msgpack-lite/lib/encode.js","s":{"1":1,"2":1,"3":1,"4":7030,"5":7030,"6":7030},"b":{},"f":{"1":7030},"fnMap":{"1":{"name":"encode","line":7,"loc":{"start":{"line":7,"column":0},"end":{"line":7,"column":32}}}},"statementMap":{"1":{"start":{"line":3,"column":0},"end":{"line":3,"column":24}},"2":{"start":{"line":5,"column":0},"end":{"line":5,"column":59}},"3":{"start":{"line":7,"column":0},"end":{"line":11,"column":1}},"4":{"start":{"line":8,"column":2},"end":{"line":8,"column":42}},"5":{"start":{"line":9,"column":2},"end":{"line":9,"column":23}},"6":{"start":{"line":10,"column":2},"end":{"line":10,"column":24}}},"branchMap":{},"code":["// encode.js","","exports.encode = encode;","","var EncodeBuffer = require(\"./encode-buffer\").EncodeBuffer;","","function encode(input, options) {","  var encoder = new EncodeBuffer(options);","  encoder.write(input);","  return encoder.read();","}",""],"l":{"3":1,"5":1,"7":1,"8":7030,"9":7030,"10":7030}},"/home/travis/build/npmtest/node-npmtest-msgpack-lite/node_modules/msgpack-lite/lib/encode-buffer.js":{"path":"/home/travis/build/npmtest/node-npmtest-msgpack-lite/node_modules/msgpack-lite/lib/encode-buffer.js","s":{"1":1,"2":1,"3":1,"4":1,"5":1,"6":7031,"7":0,"8":7031,"9":0,"10":0,"11":0,"12":0,"13":0,"14":1,"15":1,"16":7030},"b":{"1":[0,7031],"2":[0,7031],"3":[0,0],"4":[0,0]},"f":{"1":7031,"2":7030},"fnMap":{"1":{"name":"EncodeBuffer","line":11,"loc":{"start":{"line":11,"column":0},"end":{"line":11,"column":31}}},"2":{"name":"(anonymous_2)","line":25,"loc":{"start":{"line":25,"column":31},"end":{"line":25,"column":47}}}},"statementMap":{"1":{"start":{"line":3,"column":0},"end":{"line":3,"column":36}},"2":{"start":{"line":5,"column":0},"end":{"line":5,"column":44}},"3":{"start":{"line":7,"column":0},"end":{"line":7,"column":55}},"4":{"start":{"line":9,"column":0},"end":{"line":9,"column":42}},"5":{"start":{"line":11,"column":0},"end":{"line":21,"column":1}},"6":{"start":{"line":12,"column":2},"end":{"line":12,"column":72}},"7":{"start":{"line":12,"column":39},"end":{"line":12,"column":72}},"8":{"start":{"line":14,"column":2},"end":{"line":20,"column":3}},"9":{"start":{"line":15,"column":4},"end":{"line":15,"column":27}},"10":{"start":{"line":16,"column":4},"end":{"line":19,"column":5}},"11":{"start":{"line":17,"column":6},"end":{"line":17,"column":45}},"12":{"start":{"line":18,"column":6},"end":{"line":18,"column":60}},"13":{"start":{"line":18,"column":27},"end":{"line":18,"column":60}},"14":{"start":{"line":23,"column":0},"end":{"line":23,"column":38}},"15":{"start":{"line":25,"column":0},"end":{"line":27,"column":2}},"16":{"start":{"line":26,"column":2},"end":{"line":26,"column":33}}},"branchMap":{"1":{"line":12,"type":"if","locations":[{"start":{"line":12,"column":2},"end":{"line":12,"column":2}},{"start":{"line":12,"column":2},"end":{"line":12,"column":2}}]},"2":{"line":14,"type":"if","locations":[{"start":{"line":14,"column":2},"end":{"line":14,"column":2}},{"start":{"line":14,"column":2},"end":{"line":14,"column":2}}]},"3":{"line":16,"type":"if","locations":[{"start":{"line":16,"column":4},"end":{"line":16,"column":4}},{"start":{"line":16,"column":4},"end":{"line":16,"column":4}}]},"4":{"line":18,"type":"if","locations":[{"start":{"line":18,"column":6},"end":{"line":18,"column":6}},{"start":{"line":18,"column":6},"end":{"line":18,"column":6}}]}},"code":["// encode-buffer.js","","exports.EncodeBuffer = EncodeBuffer;","","var preset = require(\"./write-core\").preset;","","var FlexEncoder = require(\"./flex-buffer\").FlexEncoder;","","FlexEncoder.mixin(EncodeBuffer.prototype);","","function EncodeBuffer(options) {","  if (!(this instanceof EncodeBuffer)) return new EncodeBuffer(options);","","  if (options) {","    this.options = options;","    if (options.codec) {","      var codec = this.codec = options.codec;","      if (codec.bufferish) this.bufferish = codec.bufferish;","    }","  }","}","","EncodeBuffer.prototype.codec = preset;","","EncodeBuffer.prototype.write = function(input) {","  this.codec.encode(this, input);","};",""],"l":{"3":1,"5":1,"7":1,"9":1,"11":1,"12":7031,"14":7031,"15":0,"16":0,"17":0,"18":0,"23":1,"25":1,"26":7030}},"/home/travis/build/npmtest/node-npmtest-msgpack-lite/node_modules/msgpack-lite/lib/write-core.js":{"path":"/home/travis/build/npmtest/node-npmtest-msgpack-lite/node_modules/msgpack-lite/lib/write-core.js","s":{"1":1,"2":1,"3":1,"4":1,"5":1,"6":1,"7":1,"8":1,"9":1,"10":1,"11":513190,"12":513190,"13":0,"14":513190,"15":1,"16":1,"17":1,"18":1,"19":1,"20":1,"21":1,"22":24,"23":24,"24":24,"25":24,"26":24,"27":0,"28":0,"29":1,"30":0,"31":0,"32":0,"33":1,"34":21090,"35":21090,"36":21090,"37":21090,"38":0,"39":21090,"40":21090,"41":21090,"42":0,"43":0,"44":0},"b":{"1":[0,513190],"2":[1,0],"3":[1,1],"4":[24,0],"5":[24,24],"6":[24,1],"7":[0,0],"8":[0,0],"9":[21090,0],"10":[21090,21090,21090],"11":[0,21090],"12":[21090,1],"13":[0,0]},"f":{"1":1,"2":513190,"3":1,"4":24,"5":0,"6":21090},"fnMap":{"1":{"name":"getEncoder","line":16,"loc":{"start":{"line":16,"column":0},"end":{"line":16,"column":29}}},"2":{"name":"encode","line":20,"loc":{"start":{"line":20,"column":2},"end":{"line":20,"column":34}}},"3":{"name":"init","line":27,"loc":{"start":{"line":27,"column":0},"end":{"line":27,"column":16}}},"4":{"name":"addExtPacker","line":38,"loc":{"start":{"line":38,"column":0},"end":{"line":38,"column":44}}},"5":{"name":"extPacker","line":50,"loc":{"start":{"line":50,"column":2},"end":{"line":50,"column":28}}},"6":{"name":"getExtPacker","line":56,"loc":{"start":{"line":56,"column":0},"end":{"line":56,"column":29}}}},"statementMap":{"1":{"start":{"line":3,"column":0},"end":{"line":3,"column":50}},"2":{"start":{"line":4,"column":0},"end":{"line":4,"column":40}},"3":{"start":{"line":5,"column":0},"end":{"line":5,"column":40}},"4":{"start":{"line":6,"column":0},"end":{"line":6,"column":40}},"5":{"start":{"line":8,"column":0},"end":{"line":12,"column":3}},"6":{"start":{"line":14,"column":0},"end":{"line":14,"column":45}},"7":{"start":{"line":16,"column":0},"end":{"line":25,"column":1}},"8":{"start":{"line":17,"column":2},"end":{"line":17,"column":50}},"9":{"start":{"line":18,"column":2},"end":{"line":18,"column":16}},"10":{"start":{"line":20,"column":2},"end":{"line":24,"column":3}},"11":{"start":{"line":21,"column":4},"end":{"line":21,"column":39}},"12":{"start":{"line":22,"column":4},"end":{"line":22,"column":88}},"13":{"start":{"line":22,"column":15},"end":{"line":22,"column":88}},"14":{"start":{"line":23,"column":4},"end":{"line":23,"column":25}},"15":{"start":{"line":27,"column":0},"end":{"line":36,"column":1}},"16":{"start":{"line":28,"column":2},"end":{"line":28,"column":29}},"17":{"start":{"line":29,"column":2},"end":{"line":29,"column":36}},"18":{"start":{"line":31,"column":2},"end":{"line":33,"column":3}},"19":{"start":{"line":32,"column":4},"end":{"line":32,"column":34}},"20":{"start":{"line":35,"column":2},"end":{"line":35,"column":14}},"21":{"start":{"line":38,"column":0},"end":{"line":54,"column":1}},"22":{"start":{"line":39,"column":2},"end":{"line":39,"column":36}},"23":{"start":{"line":40,"column":2},"end":{"line":40,"column":24}},"24":{"start":{"line":41,"column":2},"end":{"line":48,"column":3}},"25":{"start":{"line":42,"column":4},"end":{"line":42,"column":60}},"26":{"start":{"line":43,"column":4},"end":{"line":43,"column":30}},"27":{"start":{"line":46,"column":4},"end":{"line":46,"column":65}},"28":{"start":{"line":47,"column":4},"end":{"line":47,"column":37}},"29":{"start":{"line":50,"column":2},"end":{"line":53,"column":3}},"30":{"start":{"line":51,"column":4},"end":{"line":51,"column":38}},"31":{"start":{"line":51,"column":16},"end":{"line":51,"column":38}},"32":{"start":{"line":52,"column":4},"end":{"line":52,"column":39}},"33":{"start":{"line":56,"column":0},"end":{"line":69,"column":1}},"34":{"start":{"line":57,"column":2},"end":{"line":57,"column":58}},"35":{"start":{"line":58,"column":2},"end":{"line":58,"column":28}},"36":{"start":{"line":59,"column":2},"end":{"line":59,"column":41}},"37":{"start":{"line":60,"column":2},"end":{"line":60,"column":18}},"38":{"start":{"line":60,"column":9},"end":{"line":60,"column":18}},"39":{"start":{"line":63,"column":2},"end":{"line":63,"column":63}},"40":{"start":{"line":64,"column":2},"end":{"line":64,"column":24}},"41":{"start":{"line":65,"column":2},"end":{"line":68,"column":3}},"42":{"start":{"line":66,"column":4},"end":{"line":66,"column":23}},"43":{"start":{"line":67,"column":4},"end":{"line":67,"column":38}},"44":{"start":{"line":67,"column":23},"end":{"line":67,"column":38}}},"branchMap":{"1":{"line":22,"type":"if","locations":[{"start":{"line":22,"column":4},"end":{"line":22,"column":4}},{"start":{"line":22,"column":4},"end":{"line":22,"column":4}}]},"2":{"line":31,"type":"if","locations":[{"start":{"line":31,"column":2},"end":{"line":31,"column":2}},{"start":{"line":31,"column":2},"end":{"line":31,"column":2}}]},"3":{"line":31,"type":"binary-expr","locations":[{"start":{"line":31,"column":6},"end":{"line":31,"column":13}},{"start":{"line":31,"column":17},"end":{"line":31,"column":31}}]},"4":{"line":41,"type":"if","locations":[{"start":{"line":41,"column":2},"end":{"line":41,"column":2}},{"start":{"line":41,"column":2},"end":{"line":41,"column":2}}]},"5":{"line":41,"type":"binary-expr","locations":[{"start":{"line":41,"column":6},"end":{"line":41,"column":10}},{"start":{"line":41,"column":14},"end":{"line":41,"column":31}}]},"6":{"line":42,"type":"binary-expr","locations":[{"start":{"line":42,"column":18},"end":{"line":42,"column":33}},{"start":{"line":42,"column":38},"end":{"line":42,"column":58}}]},"7":{"line":46,"type":"binary-expr","locations":[{"start":{"line":46,"column":15},"end":{"line":46,"column":34}},{"start":{"line":46,"column":39},"end":{"line":46,"column":63}}]},"8":{"line":51,"type":"if","locations":[{"start":{"line":51,"column":4},"end":{"line":51,"column":4}},{"start":{"line":51,"column":4},"end":{"line":51,"column":4}}]},"9":{"line":57,"type":"binary-expr","locations":[{"start":{"line":57,"column":16},"end":{"line":57,"column":31}},{"start":{"line":57,"column":36},"end":{"line":57,"column":56}}]},"10":{"line":59,"type":"binary-expr","locations":[{"start":{"line":59,"column":10},"end":{"line":59,"column":11}},{"start":{"line":59,"column":15},"end":{"line":59,"column":21}},{"start":{"line":59,"column":25},"end":{"line":59,"column":40}}]},"11":{"line":60,"type":"if","locations":[{"start":{"line":60,"column":2},"end":{"line":60,"column":2}},{"start":{"line":60,"column":2},"end":{"line":60,"column":2}}]},"12":{"line":63,"type":"binary-expr","locations":[{"start":{"line":63,"column":13},"end":{"line":63,"column":32}},{"start":{"line":63,"column":37},"end":{"line":63,"column":61}}]},"13":{"line":67,"type":"if","locations":[{"start":{"line":67,"column":4},"end":{"line":67,"column":4}},{"start":{"line":67,"column":4},"end":{"line":67,"column":4}}]}},"code":["// write-core.js","","var ExtBuffer = require(\"./ext-buffer\").ExtBuffer;","var ExtPacker = require(\"./ext-packer\");","var WriteType = require(\"./write-type\");","var CodecBase = require(\"./codec-base\");","","CodecBase.install({","  addExtPacker: addExtPacker,","  getExtPacker: getExtPacker,","  init: init","});","","exports.preset = init.call(CodecBase.preset);","","function getEncoder(options) {","  var writeType = WriteType.getWriteType(options);","  return encode;","","  function encode(encoder, value) {","    var func = writeType[typeof value];","    if (!func) throw new Error(\"Unsupported type \\\"\" + (typeof value) + \"\\\": \" + value);","    func(encoder, value);","  }","}","","function init() {","  var options = this.options;","  this.encode = getEncoder(options);","","  if (options && options.preset) {","    ExtPacker.setExtPackers(this);","  }","","  return this;","}","","function addExtPacker(etype, Class, packer) {","  packer = CodecBase.filter(packer);","  var name = Class.name;","  if (name && name !== \"Object\") {","    var packers = this.extPackers || (this.extPackers = {});","    packers[name] = extPacker;","  } else {","    // fallback for IE","    var list = this.extEncoderList || (this.extEncoderList = []);","    list.unshift([Class, extPacker]);","  }","","  function extPacker(value) {","    if (packer) value = packer(value);","    return new ExtBuffer(value, etype);","  }","}","","function getExtPacker(value) {","  var packers = this.extPackers || (this.extPackers = {});","  var c = value.constructor;","  var e = c && c.name && packers[c.name];","  if (e) return e;","","  // fallback for IE","  var list = this.extEncoderList || (this.extEncoderList = []);","  var len = list.length;","  for (var i = 0; i < len; i++) {","    var pair = list[i];","    if (c === pair[0]) return pair[1];","  }","}",""],"l":{"3":1,"4":1,"5":1,"6":1,"8":1,"14":1,"16":1,"17":1,"18":1,"20":1,"21":513190,"22":513190,"23":513190,"27":1,"28":1,"29":1,"31":1,"32":1,"35":1,"38":1,"39":24,"40":24,"41":24,"42":24,"43":24,"46":0,"47":0,"50":1,"51":0,"52":0,"56":1,"57":21090,"58":21090,"59":21090,"60":21090,"63":21090,"64":21090,"65":21090,"66":0,"67":0}},"/home/travis/build/npmtest/node-npmtest-msgpack-lite/node_modules/msgpack-lite/lib/ext-buffer.js":{"path":"/home/travis/build/npmtest/node-npmtest-msgpack-lite/node_modules/msgpack-lite/lib/ext-buffer.js","s":{"1":1,"2":1,"3":1,"4":0,"5":0,"6":0,"7":0},"b":{"1":[0,0]},"f":{"1":0},"fnMap":{"1":{"name":"ExtBuffer","line":7,"loc":{"start":{"line":7,"column":0},"end":{"line":7,"column":33}}}},"statementMap":{"1":{"start":{"line":3,"column":0},"end":{"line":3,"column":30}},"2":{"start":{"line":5,"column":0},"end":{"line":5,"column":39}},"3":{"start":{"line":7,"column":0},"end":{"line":11,"column":1}},"4":{"start":{"line":8,"column":2},"end":{"line":8,"column":71}},"5":{"start":{"line":8,"column":36},"end":{"line":8,"column":71}},"6":{"start":{"line":9,"column":2},"end":{"line":9,"column":39}},"7":{"start":{"line":10,"column":2},"end":{"line":10,"column":19}}},"branchMap":{"1":{"line":8,"type":"if","locations":[{"start":{"line":8,"column":2},"end":{"line":8,"column":2}},{"start":{"line":8,"column":2},"end":{"line":8,"column":2}}]}},"code":["// ext-buffer.js","","exports.ExtBuffer = ExtBuffer;","","var Bufferish = require(\"./bufferish\");","","function ExtBuffer(buffer, type) {","  if (!(this instanceof ExtBuffer)) return new ExtBuffer(buffer, type);","  this.buffer = Bufferish.from(buffer);","  this.type = type;","}",""],"l":{"3":1,"5":1,"7":1,"8":0,"9":0,"10":0}},"/home/travis/build/npmtest/node-npmtest-msgpack-lite/node_modules/msgpack-lite/lib/bufferish.js":{"path":"/home/travis/build/npmtest/node-npmtest-msgpack-lite/node_modules/msgpack-lite/lib/bufferish.js","s":{"1":1,"2":1,"3":1,"4":1,"5":1,"6":1,"7":1,"8":1,"9":1,"10":1,"11":1,"12":1,"13":1,"14":1,"15":1,"16":0,"17":0,"18":0,"19":1,"20":7030,"21":1,"22":0,"23":0,"24":0,"25":0,"26":0,"27":0,"28":0,"29":0,"30":1,"31":0,"32":1,"33":0,"34":1,"35":1,"36":0,"37":1,"38":0,"39":0,"40":0,"41":0,"42":0,"43":0,"44":1,"45":7030,"46":1,"47":0,"48":1,"49":1,"50":1,"51":0},"b":{"1":[1,1],"2":[1,0],"3":[1,0],"4":[1,0],"5":[1,0],"6":[0,0],"7":[0,0],"8":[0,0,0],"9":[0,0],"10":[0,0],"11":[0,7030],"12":[0,7030],"13":[0,7030],"14":[7030,0],"15":[0,0],"16":[0,0],"17":[0,0]},"f":{"1":0,"2":7030,"3":0,"4":0,"5":0,"6":0,"7":0,"8":7030,"9":0,"10":1,"11":0},"fnMap":{"1":{"name":"from","line":26,"loc":{"start":{"line":26,"column":0},"end":{"line":26,"column":21}}},"2":{"name":"alloc","line":39,"loc":{"start":{"line":39,"column":0},"end":{"line":39,"column":21}}},"3":{"name":"concat","line":49,"loc":{"start":{"line":49,"column":0},"end":{"line":49,"column":30}}},"4":{"name":"dryrun","line":60,"loc":{"start":{"line":60,"column":2},"end":{"line":60,"column":26}}},"5":{"name":"append","line":64,"loc":{"start":{"line":64,"column":2},"end":{"line":64,"column":26}}},"6":{"name":"isArrayBuffer","line":71,"loc":{"start":{"line":71,"column":0},"end":{"line":71,"column":30}}},"7":{"name":"fromString","line":79,"loc":{"start":{"line":79,"column":0},"end":{"line":79,"column":27}}},"8":{"name":"auto","line":89,"loc":{"start":{"line":89,"column":0},"end":{"line":89,"column":20}}},"9":{"name":"_false","line":98,"loc":{"start":{"line":98,"column":0},"end":{"line":98,"column":18}}},"10":{"name":"_is","line":102,"loc":{"start":{"line":102,"column":0},"end":{"line":102,"column":24}}},"11":{"name":"(anonymous_11)","line":105,"loc":{"start":{"line":105,"column":9},"end":{"line":105,"column":25}}}},"statementMap":{"1":{"start":{"line":3,"column":0},"end":{"line":3,"column":57}},"2":{"start":{"line":4,"column":0},"end":{"line":4,"column":64}},"3":{"start":{"line":5,"column":0},"end":{"line":5,"column":83}},"4":{"start":{"line":7,"column":0},"end":{"line":7,"column":51}},"5":{"start":{"line":8,"column":0},"end":{"line":8,"column":64}},"6":{"start":{"line":9,"column":0},"end":{"line":9,"column":71}},"7":{"start":{"line":10,"column":0},"end":{"line":10,"column":109}},"8":{"start":{"line":12,"column":0},"end":{"line":12,"column":22}},"9":{"start":{"line":13,"column":0},"end":{"line":13,"column":24}},"10":{"start":{"line":14,"column":0},"end":{"line":14,"column":20}},"11":{"start":{"line":16,"column":0},"end":{"line":16,"column":63}},"12":{"start":{"line":17,"column":0},"end":{"line":17,"column":66}},"13":{"start":{"line":18,"column":0},"end":{"line":18,"column":78}},"14":{"start":{"line":19,"column":0},"end":{"line":19,"column":67}},"15":{"start":{"line":26,"column":0},"end":{"line":32,"column":1}},"16":{"start":{"line":27,"column":2},"end":{"line":31,"column":3}},"17":{"start":{"line":28,"column":4},"end":{"line":28,"column":40}},"18":{"start":{"line":30,"column":4},"end":{"line":30,"column":34}},"19":{"start":{"line":39,"column":0},"end":{"line":41,"column":1}},"20":{"start":{"line":40,"column":2},"end":{"line":40,"column":32}},"21":{"start":{"line":49,"column":0},"end":{"line":67,"column":1}},"22":{"start":{"line":50,"column":2},"end":{"line":53,"column":3}},"23":{"start":{"line":51,"column":4},"end":{"line":51,"column":15}},"24":{"start":{"line":52,"column":4},"end":{"line":52,"column":47}},"25":{"start":{"line":54,"column":2},"end":{"line":54,"column":50}},"26":{"start":{"line":55,"column":2},"end":{"line":55,"column":39}},"27":{"start":{"line":56,"column":2},"end":{"line":56,"column":17}},"28":{"start":{"line":57,"column":2},"end":{"line":57,"column":45}},"29":{"start":{"line":58,"column":2},"end":{"line":58,"column":16}},"30":{"start":{"line":60,"column":2},"end":{"line":62,"column":3}},"31":{"start":{"line":61,"column":4},"end":{"line":61,"column":28}},"32":{"start":{"line":64,"column":2},"end":{"line":66,"column":3}},"33":{"start":{"line":65,"column":4},"end":{"line":65,"column":60}},"34":{"start":{"line":69,"column":0},"end":{"line":69,"column":40}},"35":{"start":{"line":71,"column":0},"end":{"line":73,"column":1}},"36":{"start":{"line":72,"column":2},"end":{"line":72,"column":65}},"37":{"start":{"line":79,"column":0},"end":{"line":87,"column":1}},"38":{"start":{"line":80,"column":2},"end":{"line":80,"column":34}},"39":{"start":{"line":81,"column":2},"end":{"line":81,"column":40}},"40":{"start":{"line":82,"column":2},"end":{"line":82,"column":51}},"41":{"start":{"line":83,"column":2},"end":{"line":85,"column":3}},"42":{"start":{"line":84,"column":4},"end":{"line":84,"column":51}},"43":{"start":{"line":86,"column":2},"end":{"line":86,"column":14}},"44":{"start":{"line":89,"column":0},"end":{"line":96,"column":1}},"45":{"start":{"line":90,"column":2},"end":{"line":95,"column":18}},"46":{"start":{"line":98,"column":0},"end":{"line":100,"column":1}},"47":{"start":{"line":99,"column":2},"end":{"line":99,"column":15}},"48":{"start":{"line":102,"column":0},"end":{"line":108,"column":1}},"49":{"start":{"line":104,"column":2},"end":{"line":104,"column":33}},"50":{"start":{"line":105,"column":2},"end":{"line":107,"column":4}},"51":{"start":{"line":106,"column":4},"end":{"line":106,"column":82}}},"branchMap":{"1":{"line":4,"type":"binary-expr","locations":[{"start":{"line":4,"column":36},"end":{"line":4,"column":42}},{"start":{"line":4,"column":46},"end":{"line":4,"column":63}}]},"2":{"line":8,"type":"cond-expr","locations":[{"start":{"line":8,"column":41},"end":{"line":8,"column":54}},{"start":{"line":8,"column":57},"end":{"line":8,"column":63}}]},"3":{"line":9,"type":"cond-expr","locations":[{"start":{"line":9,"column":46},"end":{"line":9,"column":61}},{"start":{"line":9,"column":64},"end":{"line":9,"column":70}}]},"4":{"line":10,"type":"cond-expr","locations":[{"start":{"line":10,"column":48},"end":{"line":10,"column":98}},{"start":{"line":10,"column":102},"end":{"line":10,"column":108}}]},"5":{"line":10,"type":"binary-expr","locations":[{"start":{"line":10,"column":48},"end":{"line":10,"column":66}},{"start":{"line":10,"column":70},"end":{"line":10,"column":98}}]},"6":{"line":27,"type":"if","locations":[{"start":{"line":27,"column":2},"end":{"line":27,"column":2}},{"start":{"line":27,"column":2},"end":{"line":27,"column":2}}]},"7":{"line":50,"type":"if","locations":[{"start":{"line":50,"column":2},"end":{"line":50,"column":2}},{"start":{"line":50,"column":2},"end":{"line":50,"column":2}}]},"8":{"line":54,"type":"binary-expr","locations":[{"start":{"line":54,"column":13},"end":{"line":54,"column":29}},{"start":{"line":54,"column":34},"end":{"line":54,"column":38}},{"start":{"line":54,"column":42},"end":{"line":54,"column":49}}]},"9":{"line":72,"type":"binary-expr","locations":[{"start":{"line":72,"column":10},"end":{"line":72,"column":38}},{"start":{"line":72,"column":43},"end":{"line":72,"column":64}}]},"10":{"line":83,"type":"if","locations":[{"start":{"line":83,"column":2},"end":{"line":83,"column":2}},{"start":{"line":83,"column":2},"end":{"line":83,"column":2}}]},"11":{"line":90,"type":"cond-expr","locations":[{"start":{"line":90,"column":26},"end":{"line":90,"column":38}},{"start":{"line":91,"column":6},"end":{"line":95,"column":17}}]},"12":{"line":91,"type":"cond-expr","locations":[{"start":{"line":91,"column":21},"end":{"line":91,"column":37}},{"start":{"line":92,"column":6},"end":{"line":95,"column":17}}]},"13":{"line":92,"type":"cond-expr","locations":[{"start":{"line":92,"column":22},"end":{"line":92,"column":33}},{"start":{"line":93,"column":6},"end":{"line":95,"column":17}}]},"14":{"line":93,"type":"cond-expr","locations":[{"start":{"line":93,"column":18},"end":{"line":93,"column":30}},{"start":{"line":94,"column":6},"end":{"line":95,"column":17}}]},"15":{"line":94,"type":"cond-expr","locations":[{"start":{"line":94,"column":23},"end":{"line":94,"column":39}},{"start":{"line":95,"column":6},"end":{"line":95,"column":17}}]},"16":{"line":106,"type":"binary-expr","locations":[{"start":{"line":106,"column":12},"end":{"line":106,"column":25}},{"start":{"line":106,"column":30},"end":{"line":106,"column":81}}]},"17":{"line":106,"type":"cond-expr","locations":[{"start":{"line":106,"column":53},"end":{"line":106,"column":63}},{"start":{"line":106,"column":66},"end":{"line":106,"column":71}}]}},"code":["// bufferish.js","","var Buffer = exports.global = require(\"./buffer-global\");","var hasBuffer = exports.hasBuffer = Buffer && !!Buffer.isBuffer;","var hasArrayBuffer = exports.hasArrayBuffer = (\"undefined\" !== typeof ArrayBuffer);","","var isArray = exports.isArray = require(\"isarray\");","exports.isArrayBuffer = hasArrayBuffer ? isArrayBuffer : _false;","var isBuffer = exports.isBuffer = hasBuffer ? Buffer.isBuffer : _false;","var isView = exports.isView = hasArrayBuffer ? (ArrayBuffer.isView || _is(\"ArrayBuffer\", \"buffer\")) : _false;","","exports.alloc = alloc;","exports.concat = concat;","exports.from = from;","","var BufferArray = exports.Array = require(\"./bufferish-array\");","var BufferBuffer = exports.Buffer = require(\"./bufferish-buffer\");","var BufferUint8Array = exports.Uint8Array = require(\"./bufferish-uint8array\");","var BufferProto = exports.prototype = require(\"./bufferish-proto\");","","/**"," * @param value {Array|ArrayBuffer|Buffer|String}"," * @returns {Buffer|Uint8Array|Array}"," */","","function from(value) {","  if (typeof value === \"string\") {","    return fromString.call(this, value);","  } else {","    return auto(this).from(value);","  }","}","","/**"," * @param size {Number}"," * @returns {Buffer|Uint8Array|Array}"," */","","function alloc(size) {","  return auto(this).alloc(size);","}","","/**"," * @param list {Array} array of (Buffer|Uint8Array|Array)s"," * @param [length]"," * @returns {Buffer|Uint8Array|Array}"," */","","function concat(list, length) {","  if (!length) {","    length = 0;","    Array.prototype.forEach.call(list, dryrun);","  }","  var ref = (this !== exports) && this || list[0];","  var result = alloc.call(ref, length);","  var offset = 0;","  Array.prototype.forEach.call(list, append);","  return result;","","  function dryrun(buffer) {","    length += buffer.length;","  }","","  function append(buffer) {","    offset += BufferProto.copy.call(buffer, result, offset);","  }","}","","var _isArrayBuffer = _is(\"ArrayBuffer\");","","function isArrayBuffer(value) {","  return (value instanceof ArrayBuffer) || _isArrayBuffer(value);","}","","/**"," * @private"," */","","function fromString(value) {","  var expected = value.length * 3;","  var that = alloc.call(this, expected);","  var actual = BufferProto.write.call(that, value);","  if (expected !== actual) {","    that = BufferProto.slice.call(that, 0, actual);","  }","  return that;","}","","function auto(that) {","  return isBuffer(that) ? BufferBuffer","    : isView(that) ? BufferUint8Array","    : isArray(that) ? BufferArray","    : hasBuffer ? BufferBuffer","    : hasArrayBuffer ? BufferUint8Array","    : BufferArray;","}","","function _false() {","  return false;","}","","function _is(name, key) {","  /* jshint eqnull:true */","  name = \"[object \" + name + \"]\";","  return function(value) {","    return (value != null) && {}.toString.call(key ? value[key] : value) === name;","  };","}"],"l":{"3":1,"4":1,"5":1,"7":1,"8":1,"9":1,"10":1,"12":1,"13":1,"14":1,"16":1,"17":1,"18":1,"19":1,"26":1,"27":0,"28":0,"30":0,"39":1,"40":7030,"49":1,"50":0,"51":0,"52":0,"54":0,"55":0,"56":0,"57":0,"58":0,"60":1,"61":0,"64":1,"65":0,"69":1,"71":1,"72":0,"79":1,"80":0,"81":0,"82":0,"83":0,"84":0,"86":0,"89":1,"90":7030,"98":1,"99":0,"102":1,"104":1,"105":1,"106":0}},"/home/travis/build/npmtest/node-npmtest-msgpack-lite/node_modules/msgpack-lite/lib/buffer-global.js":{"path":"/home/travis/build/npmtest/node-npmtest-msgpack-lite/node_modules/msgpack-lite/lib/buffer-global.js","s":{"1":1,"2":1,"3":1},"b":{"1":[1,0,0,0],"2":[1,1],"3":[0,0],"4":[1,1,1]},"f":{"1":1},"fnMap":{"1":{"name":"c","line":9,"loc":{"start":{"line":9,"column":0},"end":{"line":9,"column":14}}}},"statementMap":{"1":{"start":{"line":3,"column":0},"end":{"line":7,"column":14}},"2":{"start":{"line":9,"column":0},"end":{"line":11,"column":1}},"3":{"start":{"line":10,"column":2},"end":{"line":10,"column":30}}},"branchMap":{"1":{"line":4,"type":"binary-expr","locations":[{"start":{"line":4,"column":2},"end":{"line":4,"column":46}},{"start":{"line":5,"column":2},"end":{"line":5,"column":16}},{"start":{"line":6,"column":2},"end":{"line":6,"column":53}},{"start":{"line":7,"column":2},"end":{"line":7,"column":13}}]},"2":{"line":4,"type":"binary-expr","locations":[{"start":{"line":4,"column":5},"end":{"line":4,"column":34}},{"start":{"line":4,"column":39},"end":{"line":4,"column":45}}]},"3":{"line":6,"type":"binary-expr","locations":[{"start":{"line":6,"column":5},"end":{"line":6,"column":34}},{"start":{"line":6,"column":39},"end":{"line":6,"column":52}}]},"4":{"line":10,"type":"binary-expr","locations":[{"start":{"line":10,"column":9},"end":{"line":10,"column":10}},{"start":{"line":10,"column":14},"end":{"line":10,"column":24}},{"start":{"line":10,"column":28},"end":{"line":10,"column":29}}]}},"code":["/* globals Buffer */","","module.exports =","  c((\"undefined\" !== typeof Buffer) && Buffer) ||","  c(this.Buffer) ||","  c((\"undefined\" !== typeof window) && window.Buffer) ||","  this.Buffer;","","function c(B) {","  return B && B.isBuffer && B;","}"],"l":{"3":1,"9":1,"10":1}},"/home/travis/build/npmtest/node-npmtest-msgpack-lite/node_modules/msgpack-lite/lib/bufferish-array.js":{"path":"/home/travis/build/npmtest/node-npmtest-msgpack-lite/node_modules/msgp
[...]
"9":1,"10":1,"11":1,"12":1,"13":1,"14":1,"15":1,"16":1,"17":0,"18":0,"19":1,"20":1,"21":0,"22":1,"23":1,"24":1,"25":1,"26":1,"27":1,"28":1,"29":1,"30":1,"31":1,"32":1,"33":1,"34":1,"35":1,"36":1,"37":1,"38":1,"39":0,"40":0,"41":0,"42":1,"43":0,"44":0,"45":0,"46":1,"47":0,"48":0,"49":0,"50":1,"51":0,"52":0,"53":0,"54":1,"55":0,"56":0,"57":0,"58":1,"59":0,"60":0,"61":0,"62":1,"63":0,"64":0,"65":1,"66":413523,"67":1,"68":0,"69":1,"70":4,"71":0,"72":0,"73":0,"74":0,"75":4,"76":4,"77":4,"78":4,"79":7221,"80":7221,"81":7221,"82":4,"83":7217,"84":714483,"85":4,"86":4,"87":4,"88":4,"89":4,"90":4,"91":4,"92":1,"93":6,"94":5,"95":6,"96":193,"97":6,"98":1,"99":15,"100":12,"101":15,"102":15,"103":28,"104":15,"105":1,"106":2,"107":0,"108":2,"109":2,"110":2,"111":0,"112":0,"113":1,"114":1,"115":8,"116":8},"b":{"1":[1,0],"2":[1,0],"3":[0,1],"4":[0,1],"5":[1,0],"6":[1,0],"7":[0,1],"8":[0,1],"9":[0,1],"10":[0,1],"11":[0,1],"12":[0,1],"13":[0,1],"14":[0,4],"15":[0,0],"16":[4,7217],"17":[5,1],"18":[12,3],"19":[0,2],"20":[2,0]},"f":{"1":413523,"2":0,"3":4,"4":0,"5":6,"6":15,"7":2,"8":0,"9":8},"fnMap":{"1":{"name":"JSON_stringify","line":94,"loc":{"start":{"line":94,"column":0},"end":{"line":94,"column":29}}},"2":{"name":"msgpack_codec_pack","line":98,"loc":{"start":{"line":98,"column":0},"end":{"line":98,"column":34}}},"3":{"name":"bench","line":102,"loc":{"start":{"line":102,"column":0},"end":{"line":102,"column":32}}},"4":{"name":"(anonymous_4)","line":104,"loc":{"start":{"line":104,"column":28},"end":{"line":104,"column":43}}},"5":{"name":"rpad","line":127,"loc":{"start":{"line":127,"column":0},"end":{"line":127,"column":29}}},"6":{"name":"lpad","line":133,"loc":{"start":{"line":133,"column":0},"end":{"line":133,"column":29}}},"7":{"name":"test","line":140,"loc":{"start":{"line":140,"column":0},"end":{"line":140,"column":22}}},"8":{"name":"SKIP","line":148,"loc":{"start":{"line":148,"column":0},"end":{"line":148,"column":16}}},"9":{"name":"try_require","line":151,"loc":{"start":{"line":151,"column":0},"end":{"line":151,"column":27}}}},"statementMap":{"1":{"start":{"line":3,"column":0},"end":{"line":3,"column":42}},"2":{"start":{"line":4,"column":0},"end":{"line":4,"column":43}},"3":{"start":{"line":5,"column":0},"end":{"line":5,"column":43}},"4":{"start":{"line":6,"column":0},"end":{"line":6,"column":49}},"5":{"start":{"line":7,"column":0},"end":{"line":7,"column":39}},"6":{"start":{"line":8,"column":0},"end":{"line":8,"column":51}},"7":{"start":{"line":9,"column":0},"end":{"line":9,"column":49}},"8":{"start":{"line":10,"column":0},"end":{"line":10,"column":39}},"9":{"start":{"line":12,"column":0},"end":{"line":12,"column":34}},"10":{"start":{"line":13,"column":0},"end":{"line":13,"column":55}},"11":{"start":{"line":15,"column":0},"end":{"line":15,"column":37}},"12":{"start":{"line":16,"column":0},"end":{"line":16,"column":38}},"13":{"start":{"line":17,"column":0},"end":{"line":17,"column":39}},"14":{"start":{"line":18,"column":0},"end":{"line":18,"column":36}},"15":{"start":{"line":20,"column":0},"end":{"line":20,"column":55}},"16":{"start":{"line":22,"column":0},"end":{"line":25,"column":1}},"17":{"start":{"line":23,"column":2},"end":{"line":23,"column":45}},"18":{"start":{"line":24,"column":2},"end":{"line":24,"column":18}},"19":{"start":{"line":27,"column":0},"end":{"line":27,"column":14}},"20":{"start":{"line":28,"column":0},"end":{"line":28,"column":42}},"21":{"start":{"line":28,"column":17},"end":{"line":28,"column":42}},"22":{"start":{"line":29,"column":0},"end":{"line":29,"column":14}},"23":{"start":{"line":31,"column":0},"end":{"line":31,"column":14}},"24":{"start":{"line":32,"column":0},"end":{"line":32,"column":13}},"25":{"start":{"line":33,"column":0},"end":{"line":33,"column":13}},"26":{"start":{"line":34,"column":0},"end":{"line":34,"column":13}},"27":{"start":{"line":36,"column":0},"end":{"line":36,"column":81}},"28":{"start":{"line":37,"column":0},"end":{"line":37,"column":114}},"29":{"start":{"line":39,"column":0},"end":{"line":39,"column":13}},"30":{"start":{"line":41,"column":0},"end":{"line":45,"column":1}},"31":{"start":{"line":42,"column":2},"end":{"line":42,"column":74}},"32":{"start":{"line":43,"column":2},"end":{"line":43,"column":57}},"33":{"start":{"line":44,"column":2},"end":{"line":44,"column":12}},"34":{"start":{"line":47,"column":0},"end":{"line":51,"column":1}},"35":{"start":{"line":48,"column":2},"end":{"line":48,"column":87}},"36":{"start":{"line":49,"column":2},"end":{"line":49,"column":89}},"37":{"start":{"line":50,"column":2},"end":{"line":50,"column":12}},"38":{"start":{"line":53,"column":0},"end":{"line":57,"column":1}},"39":{"start":{"line":54,"column":2},"end":{"line":54,"column":78}},"40":{"start":{"line":55,"column":2},"end":{"line":55,"column":81}},"41":{"start":{"line":56,"column":2},"end":{"line":56,"column":12}},"42":{"start":{"line":59,"column":0},"end":{"line":63,"column":1}},"43":{"start":{"line":60,"column":2},"end":{"line":60,"column":101}},"44":{"start":{"line":61,"column":2},"end":{"line":61,"column":96}},"45":{"start":{"line":62,"column":2},"end":{"line":62,"column":12}},"46":{"start":{"line":65,"column":0},"end":{"line":69,"column":1}},"47":{"start":{"line":66,"column":2},"end":{"line":66,"column":89}},"48":{"start":{"line":67,"column":2},"end":{"line":67,"column":88}},"49":{"start":{"line":68,"column":2},"end":{"line":68,"column":12}},"50":{"start":{"line":71,"column":0},"end":{"line":75,"column":1}},"51":{"start":{"line":72,"column":2},"end":{"line":72,"column":83}},"52":{"start":{"line":73,"column":2},"end":{"line":73,"column":82}},"53":{"start":{"line":74,"column":2},"end":{"line":74,"column":12}},"54":{"start":{"line":77,"column":0},"end":{"line":81,"column":1}},"55":{"start":{"line":78,"column":2},"end":{"line":78,"column":81}},"56":{"start":{"line":79,"column":2},"end":{"line":79,"column":80}},"57":{"start":{"line":80,"column":2},"end":{"line":80,"column":12}},"58":{"start":{"line":83,"column":0},"end":{"line":87,"column":1}},"59":{"start":{"line":84,"column":2},"end":{"line":84,"column":79}},"60":{"start":{"line":85,"column":2},"end":{"line":85,"column":78}},"61":{"start":{"line":86,"column":2},"end":{"line":86,"column":12}},"62":{"start":{"line":89,"column":0},"end":{"line":92,"column":1}},"63":{"start":{"line":90,"column":2},"end":{"line":90,"column":86}},"64":{"start":{"line":91,"column":2},"end":{"line":91,"column":12}},"65":{"start":{"line":94,"column":0},"end":{"line":96,"column":1}},"66":{"start":{"line":95,"column":2},"end":{"line":95,"column":37}},"67":{"start":{"line":98,"column":0},"end":{"line":100,"column":1}},"68":{"start":{"line":99,"column":2},"end":{"line":99,"column":42}},"69":{"start":{"line":102,"column":0},"end":{"line":125,"column":1}},"70":{"start":{"line":103,"column":2},"end":{"line":108,"column":3}},"71":{"start":{"line":104,"column":4},"end":{"line":106,"column":7}},"72":{"start":{"line":105,"column":6},"end":{"line":105,"column":39}},"73":{"start":{"line":107,"column":4},"end":{"line":107,"column":35}},"74":{"start":{"line":107,"column":23},"end":{"line":107,"column":35}},"75":{"start":{"line":109,"column":2},"end":{"line":109,"column":20}},"76":{"start":{"line":110,"column":2},"end":{"line":110,"column":29}},"77":{"start":{"line":111,"column":2},"end":{"line":111,"column":16}},"78":{"start":{"line":112,"column":2},"end":{"line":117,"column":3}},"79":{"start":{"line":113,"column":4},"end":{"line":113,"column":29}},"80":{"start":{"line":114,"column":4},"end":{"line":114,"column":27}},"81":{"start":{"line":115,"column":4},"end":{"line":115,"column":33}},"82":{"start":{"line":115,"column":27},"end":{"line":115,"column":33}},"83":{"start":{"line":116,"column":4},"end":{"line":116,"column":44}},"84":{"start":{"line":116,"column":28},"end":{"line":116,"column":44}},"85":{"start":{"line":118,"column":2},"end":{"line":118,"column":26}},"86":{"start":{"line":119,"column":2},"end":{"line":119,"column":50}},"87":{"start":{"line":120,"column":2},"end":{"line":120,"column":28}},"88":{"start":{"line":121,"column":2},"end":{"line":121,"column":34}},"89":{"start":{"line":122,"column":2},"end":{"line":122,"column":28}},"90":{"start":{"line":123,"column":2},"end":{"line":123,"column":59}},"91":{"start":{"line":124,"column":2},"end":{"line":124,"column":13}},"92":{"start":{"line":127,"column":0},"end":{"line":131,"column":1}},"93":{"start":{"line":128,"column":2},"end":{"line":128,"column":22}},"94":{"start":{"line":128,"column":12},"end":{"line":128,"column":22}},"95":{"start":{"line":129,"column":2},"end":{"line":129,"column":38}},"96":{"start":{"line":129,"column":27},"end":{"line":129,"column":38}},"97":{"start":{"line":130,"column":2},"end":{"line":130,"column":13}},"98":{"start":{"line":133,"column":0},"end":{"line":138,"column":1}},"99":{"start":{"line":134,"column":2},"end":{"line":134,"column":22}},"100":{"start":{"line":134,"column":12},"end":{"line":134,"column":22}},"101":{"start":{"line":135,"column":2},"end":{"line":135,"column":12}},"102":{"start":{"line":136,"column":2},"end":{"line":136,"column":43}},"103":{"start":{"line":136,"column":27},"end":{"line":136,"column":43}},"104":{"start":{"line":137,"column":2},"end":{"line":137,"column":13}},"105":{"start":{"line":140,"column":0},"end":{"line":146,"column":1}},"106":{"start":{"line":141,"column":2},"end":{"line":141,"column":30}},"107":{"start":{"line":141,"column":23},"end":{"line":141,"column":30}},"108":{"start":{"line":142,"column":2},"end":{"line":142,"column":34}},"109":{"start":{"line":143,"column":2},"end":{"line":143,"column":34}},"110":{"start":{"line":143,"column":27},"end":{"line":143,"column":34}},"111":{"start":{"line":144,"column":2},"end":{"line":144,"column":40}},"112":{"start":{"line":145,"column":2},"end":{"line":145,"column":38}},"113":{"start":{"line":148,"column":0},"end":{"line":149,"column":1}},"114":{"start":{"line":151,"column":0},"end":{"line":157,"column":1}},"115":{"start":{"line":152,"column":2},"end":{"line":156,"column":3}},"116":{"start":{"line":153,"column":4},"end":{"line":153,"column":25}}},"branchMap":{"1":{"line":12,"type":"binary-expr","locations":[{"start":{"line":12,"column":11},"end":{"line":12,"column":19}},{"start":{"line":12,"column":23},"end":{"line":12,"column":33}}]},"2":{"line":13,"type":"binary-expr","locations":[{"start":{"line":13,"column":16},"end":{"line":13,"column":29}},{"start":{"line":13,"column":33},"end":{"line":13,"column":54}}]},"3":{"line":22,"type":"if","locations":[{"start":{"line":22,"column":0},"end":{"line":22,"column":0}},{"start":{"line":22,"column":0},"end":{"line":22,"column":0}}]},"4":{"line":28,"type":"if","locations":[{"start":{"line":28,"column":0},"end":{"line":28,"column":0}},{"start":{"line":28,"column":0},"end":{"line":28,"column":0}}]},"5":{"line":41,"type":"if","locations":[{"start":{"line":41,"column":0},"end":{"line":41,"column":0}},{"start":{"line":41,"column":0},"end":{"line":41,"column":0}}]},"6":{"line":47,"type":"if","locations":[{"start":{"line":47,"column":0},"end":{"line":47,"column":0}},{"start":{"line":47,"column":0},"end":{"line":47,"column":0}}]},"7":{"line":53,"type":"if","locations":[{"start":{"line":53,"column":0},"end":{"line":53,"column":0}},{"start":{"line":53,"column":0},"end":{"line":53,"column":0}}]},"8":{"line":59,"type":"if","locations":[{"start":{"line":59,"column":0},"end":{"line":59,"column":0}},{"start":{"line":59,"column":0},"end":{"line":59,"column":0}}]},"9":{"line":65,"type":"if","locations":[{"start":{"line":65,"column":0},"end":{"line":65,"column":0}},{"start":{"line":65,"column":0},"end":{"line":65,"column":0}}]},"10":{"line":71,"type":"if","locations":[{"start":{"line":71,"column":0},"end":{"line":71,"column":0}},{"start":{"line":71,"column":0},"end":{"line":71,"column":0}}]},"11":{"line":77,"type":"if","locations":[{"start":{"line":77,"column":0},"end":{"line":77,"column":0}},{"start":{"line":77,"column":0},"end":{"line":77,"column":0}}]},"12":{"line":83,"type":"if","locations":[{"start":{"line":83,"column":0},"end":{"line":83,"column":0}},{"start":{"line":83,"column":0},"end":{"line":83,"column":0}}]},"13":{"line":89,"type":"if","locations":[{"start":{"line":89,"column":0},"end":{"line":89,"column":0}},{"start":{"line":89,"column":0},"end":{"line":89,"column":0}}]},"14":{"line":103,"type":"if","locations":[{"start":{"line":103,"column":2},"end":{"line":103,"column":2}},{"start":{"line":103,"column":2},"end":{"line":103,"column":2}}]},"15":{"line":107,"type":"if","locations":[{"start":{"line":107,"column":4},"end":{"line":107,"column":4}},{"start":{"line":107,"column":4},"end":{"line":107,"column":4}}]},"16":{"line":115,"type":"if","locations":[{"start":{"line":115,"column":4},"end":{"line":115,"column":4}},{"start":{"line":115,"column":4},"end":{"line":115,"column":4}}]},"17":{"line":128,"type":"if","locations":[{"start":{"line":128,"column":2},"end":{"line":128,"column":2}},{"start":{"line":128,"column":2},"end":{"line":128,"column":2}}]},"18":{"line":134,"type":"if","locations":[{"start":{"line":134,"column":2},"end":{"line":134,"column":2}},{"start":{"line":134,"column":2},"end":{"line":134,"column":2}}]},"19":{"line":141,"type":"if","locations":[{"start":{"line":141,"column":2},"end":{"line":141,"column":2}},{"start":{"line":141,"column":2},"end":{"line":141,"column":2}}]},"20":{"line":143,"type":"if","locations":[{"start":{"line":143,"column":2},"end":{"line":143,"column":2}},{"start":{"line":143,"column":2},"end":{"line":143,"column":2}}]}},"code":["//#!/usr/bin/env node","","var msgpack_node = try_require(\"msgpack\");","var msgpack_lite = try_require(\"../index\");","var msgpack_js = try_require(\"msgpack-js\");","var msgpack_js_v5 = try_require(\"msgpack-js-v5\");","var msgpack5 = try_require(\"msgpack5\");","var msgpack_unpack = try_require(\"msgpack-unpack\");","var msgpack_codec = try_require(\"msgpack.codec\");","var notepack = try_require(\"notepack\");","","msgpack5 = msgpack5 && msgpack5();","msgpack_codec = msgpack_codec && msgpack_codec.msgpack;","","var pkg = require(\"../package.json\");","var data = require(\"../test/example\");","var packed = msgpack_lite.encode(data);","var expected = JSON.stringify(data);","","var argv = Array.prototype.slice.call(process.argv, 2);","","if (argv[0] === \"-v\") {","  console.warn(pkg.name + \" \" + pkg.version);","  process.exit(0);","}","","var limit = 5;","if (argv[0] - 0) limit = argv.shift() - 0;","limit *= 1000;","","var COL1 = 57;","var COL2 = 6;","var COL3 = 5;","var COL4 = 6;","","console.log(rpad(\"operation\", COL1), \"|\", \"  op  \", \"|\", \"  ms \", \"|\", \" op/s \");","console.log(rpad(\"\", COL1, \"-\"), \"|\", lpad(\":\", COL2, \"-\"), \"|\", lpad(\":\", COL3, \"-\"), \"|\", lpad(\":\", COL4, \"-\"));","","var buf, obj;","","if (JSON) {","  buf = bench('buf = Buffer(JSON.stringify(obj));', JSON_stringify, data);","  obj = bench('obj = JSON.parse(buf);', JSON.parse, buf);","  test(obj);","}","","if (msgpack_lite) {","  buf = bench('buf = require(\"msgpack-lite\").encode(obj);', msgpack_lite.encode, data);","  obj = bench('obj = require(\"msgpack-lite\").decode(buf);', msgpack_lite.decode, packed);","  test(obj);","}","","if (msgpack_node) {","  buf = bench('buf = require(\"msgpack\").pack(obj);', msgpack_node.pack, data);","  obj = bench('obj = require(\"msgpack\").unpack(buf);', msgpack_node.unpack, buf);","  test(obj);","}","","if (msgpack_codec) {","  buf = bench('buf = Buffer(require(\"msgpack.codec\").msgpack.pack(obj));', msgpack_codec_pack, data);","  obj = bench('obj = require(\"msgpack.codec\").msgpack.unpack(buf);', msgpack_codec.unpack, buf);","  test(obj);","}","","if (msgpack_js_v5) {","  buf = bench('buf = require(\"msgpack-js-v5\").encode(obj);', msgpack_js_v5.encode, data);","  obj = bench('obj = require(\"msgpack-js-v5\").decode(buf);', msgpack_js_v5.decode, buf);","  test(obj);","}","","if (msgpack_js) {","  buf = bench('buf = require(\"msgpack-js\").encode(obj);', msgpack_js.encode, data);","  obj = bench('obj = require(\"msgpack-js\").decode(buf);', msgpack_js.decode, buf);","  test(obj);","}","","if (msgpack5) {","  buf = bench('buf = require(\"msgpack5\")().encode(obj);', msgpack5.encode, data);","  obj = bench('obj = require(\"msgpack5\")().decode(buf);', msgpack5.decode, buf);","  test(obj);","}","","if (notepack) {","  buf = bench('buf = require(\"notepack\").encode(obj);', notepack.encode, data);","  obj = bench('obj = require(\"notepack\").decode(buf);', notepack.decode, buf);","  test(obj);","}","","if (msgpack_unpack) {","  obj = bench('obj = require(\"msgpack-unpack\").decode(buf);', msgpack_unpack, packed);","  test(obj);","}","","function JSON_stringify(src) {","  return Buffer(JSON.stringify(src));","}","","function msgpack_codec_pack(data) {","  return Buffer(msgpack_codec.pack(data));","}","","function bench(name, func, src) {","  if (argv.length) {","    var match = argv.filter(function(grep) {","      return (name.indexOf(grep) > -1);","    });","    if (!match.length) return SKIP;","  }","  var ret, duration;","  var start = new Date() - 0;","  var count = 0;","  while (1) {","    var end = new Date() - 0;","    duration = end - start;","    if (duration >= limit) break;","    while ((++count) % 100) ret = func(src);","  }","  name = rpad(name, COL1);","  var score = Math.floor(count / duration * 1000);","  count = lpad(count, COL2);","  duration = lpad(duration, COL3);","  score = lpad(score, COL4);","  console.log(name, \"|\", count, \"|\", duration, \"|\", score);","  return ret;","}","","function rpad(str, len, chr) {","  if (!chr) chr = \" \";","  while (str.length < len) str += chr;","  return str;","}","","function lpad(str, len, chr) {","  if (!chr) chr = \" \";","  str += \"\";","  while (str.length < len) str = chr + str;","  return str;","}","","function test(actual) {","  if (actual === SKIP) return;","  actual = JSON.stringify(actual);","  if (actual === expected) return;","  console.warn(\"expected: \" + expected);","  console.warn(\"actual:   \" + actual);","}","","function SKIP() {","}","","function try_require(name) {","  try {","    return require(name);","  } catch (e) {","    // ignore","  }","}"],"l":{"3":1,"4":1,"5":1,"6":1,"7":1,"8":1,"9":1,"10":1,"12":1,"13":1,"15":1,"16":1,"17":1,"18":1,"20":1,"22":1,"23":0,"24":0,"27":1,"28":1,"29":1,"31":1,"32":1,"33":1,"34":1,"36":1,"37":1,"39":1,"41":1,"42":1,"43":1,"44":1,"47":1,"48":1,"49":1,"50":1,"53":1,"54":0,"55":0,"56":0,"59":1,"60":0,"61":0,"62":0,"65":1,"66":0,"67":0,"68":0,"71":1,"72":0,"73":0,"74":0,"77":1,"78":0,"79":0,"80":0,"83":1,"84":0,"85":0,"86":0,"89":1,"90":0,"91":0,"94":1,"95":413523,"98":1,"99":0,"102":1,"103":4,"104":0,"105":0,"107":0,"109":4,"110":4,"111":4,"112":4,"113":7221,"114":7221,"115":7221,"116":714483,"118":4,"119":4,"120":4,"121":4,"122":4,"123":4,"124":4,"127":1,"128":6,"129":193,"130":6,"133":1,"134":15,"135":15,"136":28,"137":15,"140":1,"141":2,"142":2,"143":2,"144":0,"145":0,"148":1,"151":1,"152":8,"153":8}},"/home/travis/build/npmtest/node-npmtest-msgpack-lite/node_modules/msgpack-lite/lib/browser.js":{"path":"/home/travis/build/npmtest/node-npmtest-msgpack-lite/node_modules/msgpack-lite/lib/browser.js","s":{"1":1,"2":1,"3":1,"4":1,"5":1,"6":1},"b":{},"f":{},"fnMap":{},"statementMap":{"1":{"start":{"line":3,"column":0},"end":{"line":3,"column":44}},"2":{"start":{"line":4,"column":0},"end":{"line":4,"column":44}},"3":{"start":{"line":6,"column":0},"end":{"line":6,"column":47}},"4":{"start":{"line":7,"column":0},"end":{"line":7,"column":47}},"5":{"start":{"line":9,"column":0},"end":{"line":9,"column":51}},"6":{"start":{"line":10,"column":0},"end":{"line":10,"column":41}}},"branchMap":{},"code":["// browser.js","","exports.encode = require(\"./encode\").encode;","exports.decode = require(\"./decode\").decode;","","exports.Encoder = require(\"./encoder\").Encoder;","exports.Decoder = require(\"./decoder\").Decoder;","","exports.createCodec = require(\"./ext\").createCodec;","exports.codec = require(\"./codec\").codec;",""],"l":{"3":1,"4":1,"6":1,"7":1,"9":1,"10":1}}}